2026-06-04 16:42:56.411 INFO  o.a.coyote.http11.Http11NioProtocol - Stopping ProtocolHandler ["http-nio-8085"]
2026-06-04 16:42:56.423 INFO  com.zaxxer.hikari.HikariDataSource - HikariPool-2 - Shutdown initiated...
2026-06-04 16:42:56.439 INFO  com.zaxxer.hikari.HikariDataSource - HikariPool-2 - Shutdown completed.
2026-06-04 16:42:56.543 INFO  a.d.s.SpringProject14aprelApplication - Starting SpringProject14aprelApplication using Java 21.0.8 with PID 35784 (C:\Github\14Aprel_group\codes\spring\spring-project-14aprel\target\classes started by User in C:\Github\14Aprel_group\codes\spring\spring-project-14aprel)
2026-06-04 16:42:56.544 INFO  a.d.s.SpringProject14aprelApplication - No active profile set, falling back to 1 default profile: "default"
2026-06-04 16:42:56.765 INFO  o.s.boot.tomcat.TomcatWebServer - Tomcat initialized with port 8085 (http)
2026-06-04 16:42:56.766 INFO  o.a.coyote.http11.Http11NioProtocol - Initializing ProtocolHandler ["http-nio-8085"]
2026-06-04 16:42:56.767 INFO  o.a.catalina.core.StandardService - Starting service [Tomcat]
2026-06-04 16:42:56.767 INFO  o.a.catalina.core.StandardEngine - Starting Servlet engine: [Apache Tomcat/11.0.21]
2026-06-04 16:42:56.783 INFO  o.s.b.w.c.s.WebApplicationContextInitializer - Root WebApplicationContext: initialization completed in 237 ms
2026-06-04 16:42:56.877 INFO  o.a.coyote.http11.Http11NioProtocol - Starting ProtocolHandler ["http-nio-8085"]
2026-06-04 16:42:56.881 INFO  o.s.boot.tomcat.TomcatWebServer - Tomcat started on port 8085 (http) with context path '/'
2026-06-04 16:42:56.884 INFO  a.d.s.SpringProject14aprelApplication - Started SpringProject14aprelApplication in 0.375 seconds (process running for 511.713)
2026-06-04 16:42:56.885 INFO  o.s.b.d.a.ConditionEvaluationDeltaLoggingListener - Condition evaluation unchanged
2026-06-04 16:42:56.886 INFO  a.d.s.config.LogDemo - Sistem melumatlari ucun logging
2026-06-04 16:42:56.886 WARN  a.d.s.config.LogDemo - Xeberadarliq mesajlari ucun logging
2026-06-04 16:42:56.886 ERROR a.d.s.config.LogDemo - Kritik mesajlar ucun logging
2026-06-04 16:43:01.482 INFO  o.a.c.c.C.[Tomcat-1].[localhost].[/] - Initializing Spring DispatcherServlet 'dispatcherServlet'
2026-06-04 16:43:01.482 INFO  o.s.web.servlet.DispatcherServlet - Initializing Servlet 'dispatcherServlet'
2026-06-04 16:43:01.482 INFO  o.s.web.servlet.DispatcherServlet - Completed initialization in 0 ms
2026-06-04 16:43:23.016 INFO  o.s.b.d.a.LocalDevToolsAutoConfiguration$RestartingClassPathChangeChangedEventListener - Restarting due to 1 class path change (0 additions, 0 deletions, 1 modification)
2026-06-04 16:43:23.018 INFO  o.s.boot.tomcat.GracefulShutdown - Commencing graceful shutdown. Waiting for active requests to complete
2026-06-04 16:43:23.019 INFO  o.a.coyote.http11.Http11NioProtocol - Pausing ProtocolHandler ["http-nio-8085"]
2026-06-04 16:43:23.028 INFO  o.s.boot.tomcat.GracefulShutdown - Graceful shutdown complete
2026-06-04 16:43:23.034 INFO  o.a.coyote.http11.Http11NioProtocol - Stopping ProtocolHandler ["http-nio-8085"]
2026-06-04 16:43:23.166 INFO  a.d.s.SpringProject14aprelApplication - Starting SpringProject14aprelApplication using Java 21.0.8 with PID 35784 (C:\Github\14Aprel_group\codes\spring\spring-project-14aprel\target\classes started by User in C:\Github\14Aprel_group\codes\spring\spring-project-14aprel)
2026-06-04 16:43:23.166 INFO  a.d.s.SpringProject14aprelApplication - No active profile set, falling back to 1 default profile: "default"
2026-06-04 16:43:23.366 INFO  o.s.boot.tomcat.TomcatWebServer - Tomcat initialized with port 8085 (http)
2026-06-04 16:43:23.367 INFO  o.a.coyote.http11.Http11NioProtocol - Initializing ProtocolHandler ["http-nio-8085"]
2026-06-04 16:43:23.367 INFO  o.a.catalina.core.StandardService - Starting service [Tomcat]
2026-06-04 16:43:23.369 INFO  o.a.catalina.core.StandardEngine - Starting Servlet engine: [Apache Tomcat/11.0.21]
2026-06-04 16:43:23.384 INFO  o.s.b.w.c.s.WebApplicationContextInitializer - Root WebApplicationContext: initialization completed in 215 ms
2026-06-04 16:43:23.469 INFO  o.a.coyote.http11.Http11NioProtocol - Starting ProtocolHandler ["http-nio-8085"]
2026-06-04 16:43:23.474 INFO  o.s.boot.tomcat.TomcatWebServer - Tomcat started on port 8085 (http) with context path '/'
2026-06-04 16:43:23.477 INFO  a.d.s.SpringProject14aprelApplication - Started SpringProject14aprelApplication in 0.355 seconds (process running for 538.307)
2026-06-04 16:43:23.478 INFO  o.s.b.d.a.ConditionEvaluationDeltaLoggingListener - Condition evaluation unchanged
2026-06-04 16:43:23.479 INFO  a.d.s.config.LogDemo - Sistem melumatlari ucun logging
2026-06-04 16:43:23.479 WARN  a.d.s.config.LogDemo - Xeberadarliq mesajlari ucun logging
2026-06-04 16:43:23.479 ERROR a.d.s.config.LogDemo - Kritik mesajlar ucun logging
2026-06-04 16:43:27.194 INFO  o.a.c.c.C.[Tomcat-1].[localhost].[/] - Initializing Spring DispatcherServlet 'dispatcherServlet'
2026-06-04 16:43:27.198 INFO  o.s.web.servlet.DispatcherServlet - Initializing Servlet 'dispatcherServlet'
2026-06-04 16:43:27.198 INFO  o.s.web.servlet.DispatcherServlet - Completed initialization in 0 ms
2026-06-04 16:43:35.173 INFO  o.s.b.d.a.LocalDevToolsAutoConfiguration$RestartingClassPathChangeChangedEventListener - Restarting due to 1 class path change (0 additions, 0 deletions, 1 modification)
2026-06-04 16:43:35.176 INFO  o.s.boot.tomcat.GracefulShutdown - Commencing graceful shutdown. Waiting for active requests to complete
2026-06-04 16:43:35.177 INFO  o.a.coyote.http11.Http11NioProtocol - Pausing ProtocolHandler ["http-nio-8085"]
2026-06-04 16:43:35.185 INFO  o.s.boot.tomcat.GracefulShutdown - Graceful shutdown complete
2026-06-04 16:43:35.185 INFO  o.a.coyote.http11.Http11NioProtocol - Stopping ProtocolHandler ["http-nio-8085"]
2026-06-04 16:43:35.302 INFO  a.d.s.SpringProject14aprelApplication - Starting SpringProject14aprelApplication using Java 21.0.8 with PID 35784 (C:\Github\14Aprel_group\codes\spring\spring-project-14aprel\target\classes started by User in C:\Github\14Aprel_group\codes\spring\spring-project-14aprel)
2026-06-04 16:43:35.302 INFO  a.d.s.SpringProject14aprelApplication - No active profile set, falling back to 1 default profile: "default"
2026-06-04 16:43:35.475 INFO  o.s.boot.tomcat.TomcatWebServer - Tomcat initialized with port 8085 (http)
2026-06-04 16:43:35.476 INFO  o.a.coyote.http11.Http11NioProtocol - Initializing ProtocolHandler ["http-nio-8085"]
2026-06-04 16:43:35.476 INFO  o.a.catalina.core.StandardService - Starting service [Tomcat]
2026-06-04 16:43:35.476 INFO  o.a.catalina.core.StandardEngine - Starting Servlet engine: [Apache Tomcat/11.0.21]
2026-06-04 16:43:35.492 INFO  o.s.b.w.c.s.WebApplicationContextInitializer - Root WebApplicationContext: initialization completed in 188 ms
2026-06-04 16:43:35.562 INFO  o.a.coyote.http11.Http11NioProtocol - Starting ProtocolHandler ["http-nio-8085"]
2026-06-04 16:43:35.567 INFO  o.s.boot.tomcat.TomcatWebServer - Tomcat started on port 8085 (http) with context path '/'
2026-06-04 16:43:35.570 INFO  a.d.s.SpringProject14aprelApplication - Started SpringProject14aprelApplication in 0.297 seconds (process running for 550.399)
2026-06-04 16:43:35.571 INFO  o.s.b.d.a.ConditionEvaluationDeltaLoggingListener - Condition evaluation unchanged
2026-06-04 16:43:35.572 INFO  a.d.s.config.LogDemo - Sistem melumatlari ucun logging
2026-06-04 16:43:35.572 WARN  a.d.s.config.LogDemo - Xeberadarliq mesajlari ucun logging
2026-06-04 16:43:35.572 ERROR a.d.s.config.LogDemo - Kritik mesajlar ucun logging
2026-06-04 16:43:47.266 INFO  o.s.b.d.a.LocalDevToolsAutoConfiguration$RestartingClassPathChangeChangedEventListener - Restarting due to 1 class path change (0 additions, 0 deletions, 1 modification)
2026-06-04 16:43:47.269 INFO  o.s.boot.tomcat.GracefulShutdown - Commencing graceful shutdown. Waiting for active requests to complete
2026-06-04 16:43:47.274 INFO  o.a.coyote.http11.Http11NioProtocol - Pausing ProtocolHandler ["http-nio-8085"]
2026-06-04 16:43:47.286 INFO  o.s.boot.tomcat.GracefulShutdown - Graceful shutdown complete
2026-06-04 16:43:47.288 INFO  o.a.coyote.http11.Http11NioProtocol - Stopping ProtocolHandler ["http-nio-8085"]
2026-06-04 16:43:47.419 INFO  a.d.s.SpringProject14aprelApplication - Starting SpringProject14aprelApplication using Java 21.0.8 with PID 35784 (C:\Github\14Aprel_group\codes\spring\spring-project-14aprel\target\classes started by User in C:\Github\14Aprel_group\codes\spring\spring-project-14aprel)
2026-06-04 16:43:47.419 INFO  a.d.s.SpringProject14aprelApplication - No active profile set, falling back to 1 default profile: "default"
2026-06-04 16:43:47.640 INFO  o.s.boot.tomcat.TomcatWebServer - Tomcat initialized with port 8085 (http)
2026-06-04 16:43:47.642 INFO  o.a.coyote.http11.Http11NioProtocol - Initializing ProtocolHandler ["http-nio-8085"]
2026-06-04 16:43:47.642 INFO  o.a.catalina.core.StandardService - Starting service [Tomcat]
2026-06-04 16:43:47.642 INFO  o.a.catalina.core.StandardEngine - Starting Servlet engine: [Apache Tomcat/11.0.21]
2026-06-04 16:43:47.662 INFO  o.s.b.w.c.s.WebApplicationContextInitializer - Root WebApplicationContext: initialization completed in 239 ms
2026-06-04 16:43:47.739 INFO  o.a.coyote.http11.Http11NioProtocol - Starting ProtocolHandler ["http-nio-8085"]
2026-06-04 16:43:47.744 INFO  o.s.boot.tomcat.TomcatWebServer - Tomcat started on port 8085 (http) with context path '/'
2026-06-04 16:43:47.747 INFO  a.d.s.SpringProject14aprelApplication - Started SpringProject14aprelApplication in 0.371 seconds (process running for 562.577)
2026-06-04 16:43:47.748 INFO  o.s.b.d.a.ConditionEvaluationDeltaLoggingListener - Condition evaluation unchanged
2026-06-04 16:43:47.749 INFO  a.d.s.config.LogDemo - Sistem melumatlari ucun logging
2026-06-04 16:43:47.750 WARN  a.d.s.config.LogDemo - Xeberadarliq mesajlari ucun logging
2026-06-04 16:43:47.750 ERROR a.d.s.config.LogDemo - Kritik mesajlar ucun logging
2026-06-04 16:43:53.172 INFO  o.a.c.c.C.[Tomcat-1].[localhost].[/] - Initializing Spring DispatcherServlet 'dispatcherServlet'
2026-06-04 16:43:53.172 INFO  o.s.web.servlet.DispatcherServlet - Initializing Servlet 'dispatcherServlet'
