2026-05-25 18:14:27.594 INFO  a.d.s.SpringProject14aprelApplication - Starting SpringProject14aprelApplication using Java 21.0.8 with PID 31120 (C:\Github\14Aprel_group\codes\spring\spring-project-14aprel\target\classes started by User in C:\Github\14Aprel_group\codes\spring\spring-project-14aprel)
2026-05-25 18:14:27.598 INFO  a.d.s.SpringProject14aprelApplication - No active profile set, falling back to 1 default profile: "default"
2026-05-25 18:14:27.834 INFO  o.s.boot.tomcat.TomcatWebServer - Tomcat initialized with port 8085 (http)
2026-05-25 18:14:27.835 INFO  o.a.coyote.http11.Http11NioProtocol - Initializing ProtocolHandler ["http-nio-8085"]
2026-05-25 18:14:27.835 INFO  o.a.catalina.core.StandardService - Starting service [Tomcat]
2026-05-25 18:14:27.835 INFO  o.a.catalina.core.StandardEngine - Starting Servlet engine: [Apache Tomcat/11.0.21]
2026-05-25 18:14:27.845 INFO  o.s.b.w.c.s.WebApplicationContextInitializer - Root WebApplicationContext: initialization completed in 246 ms
2026-05-25 18:14:27.891 INFO  o.a.coyote.http11.Http11NioProtocol - Starting ProtocolHandler ["http-nio-8085"]
2026-05-25 18:14:27.894 INFO  o.s.boot.tomcat.TomcatWebServer - Tomcat started on port 8085 (http) with context path '/'
2026-05-25 18:14:27.895 INFO  a.d.s.SpringProject14aprelApplication - Started SpringProject14aprelApplication in 0.464 seconds (process running for 1320.483)
2026-05-25 18:14:27.896 INFO  o.s.b.d.a.ConditionEvaluationDeltaLoggingListener - Condition evaluation unchanged
2026-05-25 18:14:27.896 INFO  a.d.s.config.LogDemo - Sistem melumatlari ucun logging
2026-05-25 18:14:27.896 WARN  a.d.s.config.LogDemo - Xeberadarliq mesajlari ucun logging
2026-05-25 18:14:27.896 ERROR a.d.s.config.LogDemo - Kritik mesajlar ucun logging
2026-05-25 18:33:57.922 INFO  o.a.c.c.C.[Tomcat-2].[localhost].[/] - Initializing Spring DispatcherServlet 'dispatcherServlet'
2026-05-25 18:33:57.922 INFO  o.s.web.servlet.DispatcherServlet - Initializing Servlet 'dispatcherServlet'
2026-05-25 18:33:57.924 INFO  o.s.web.servlet.DispatcherServlet - Completed initialization in 0 ms
2026-05-25 20:34:58.233 INFO  a.d.s.SpringProject14aprelApplication - Starting SpringProject14aprelApplication using Java 21.0.8 with PID 3228 (C:\Github\14Aprel_group\codes\spring\spring-project-14aprel\target\classes started by User in C:\Github\14Aprel_group\codes\spring\spring-project-14aprel)
2026-05-25 20:34:58.237 INFO  a.d.s.SpringProject14aprelApplication - No active profile set, falling back to 1 default profile: "default"
2026-05-25 20:34:58.361 INFO  o.s.b.d.e.DevToolsPropertyDefaultsPostProcessor - Devtools property defaults active! Set 'spring.devtools.add-properties' to 'false' to disable
2026-05-25 20:34:58.361 INFO  o.s.b.d.e.DevToolsPropertyDefaultsPostProcessor - For additional web related logging consider setting the 'logging.level.web' property to 'DEBUG'
2026-05-25 20:35:00.488 INFO  o.s.boot.tomcat.TomcatWebServer - Tomcat initialized with port 8085 (http)
2026-05-25 20:35:00.513 INFO  o.a.coyote.http11.Http11NioProtocol - Initializing ProtocolHandler ["http-nio-8085"]
2026-05-25 20:35:00.519 INFO  o.a.catalina.core.StandardService - Starting service [Tomcat]
2026-05-25 20:35:00.519 INFO  o.a.catalina.core.StandardEngine - Starting Servlet engine: [Apache Tomcat/11.0.21]
2026-05-25 20:35:00.605 INFO  o.s.b.w.c.s.WebApplicationContextInitializer - Root WebApplicationContext: initialization completed in 2242 ms
2026-05-25 20:35:01.404 INFO  o.a.coyote.http11.Http11NioProtocol - Starting ProtocolHandler ["http-nio-8085"]
2026-05-25 20:35:01.459 INFO  o.s.boot.tomcat.TomcatWebServer - Tomcat started on port 8085 (http) with context path '/'
2026-05-25 20:35:01.471 INFO  a.d.s.SpringProject14aprelApplication - Started SpringProject14aprelApplication in 4.454 seconds (process running for 5.346)
2026-05-25 20:35:01.483 INFO  a.d.s.config.LogDemo - Sistem melumatlari ucun logging
2026-05-25 20:35:01.483 WARN  a.d.s.config.LogDemo - Xeberadarliq mesajlari ucun logging
2026-05-25 20:35:01.483 ERROR a.d.s.config.LogDemo - Kritik mesajlar ucun logging
2026-05-25 20:35:30.577 INFO  o.a.c.c.C.[Tomcat].[localhost].[/] - Initializing Spring DispatcherServlet 'dispatcherServlet'
2026-05-25 20:35:30.578 INFO  o.s.web.servlet.DispatcherServlet - Initializing Servlet 'dispatcherServlet'
2026-05-25 20:35:30.583 INFO  o.s.web.servlet.DispatcherServlet - Completed initialization in 2 ms
2026-05-25 20:39:17.921 INFO  o.s.b.d.a.LocalDevToolsAutoConfiguration$RestartingClassPathChangeChangedEventListener - Restarting due to 1 class path change (0 additions, 0 deletions, 1 modification)
2026-05-25 20:39:17.935 INFO  o.s.boot.tomcat.GracefulShutdown - Commencing graceful shutdown. Waiting for active requests to complete
2026-05-25 20:39:17.938 INFO  o.a.coyote.http11.Http11NioProtocol - Pausing ProtocolHandler ["http-nio-8085"]
2026-05-25 20:39:17.980 INFO  o.s.boot.tomcat.GracefulShutdown - Graceful shutdown complete
2026-05-25 20:39:17.981 INFO  o.a.coyote.http11.Http11NioProtocol - Stopping ProtocolHandler ["http-nio-8085"]
2026-05-25 20:39:18.155 INFO  a.d.s.SpringProject14aprelApplication - Starting SpringProject14aprelApplication using Java 21.0.8 with PID 3228 (C:\Github\14Aprel_group\codes\spring\spring-project-14aprel\target\classes started by User in C:\Github\14Aprel_group\codes\spring\spring-project-14aprel)
2026-05-25 20:39:18.156 INFO  a.d.s.SpringProject14aprelApplication - No active profile set, falling back to 1 default profile: "default"
2026-05-25 20:39:18.563 INFO  o.s.boot.tomcat.TomcatWebServer - Tomcat initialized with port 8085 (http)
2026-05-25 20:39:18.566 INFO  o.a.coyote.http11.Http11NioProtocol - Initializing ProtocolHandler ["http-nio-8085"]
2026-05-25 20:39:18.567 INFO  o.a.catalina.core.StandardService - Starting service [Tomcat]
2026-05-25 20:39:18.567 INFO  o.a.catalina.core.StandardEngine - Starting Servlet engine: [Apache Tomcat/11.0.21]
2026-05-25 20:39:18.626 INFO  o.s.b.w.c.s.WebApplicationContextInitializer - Root WebApplicationContext: initialization completed in 463 ms
2026-05-25 20:39:18.793 INFO  o.a.coyote.http11.Http11NioProtocol - Starting ProtocolHandler ["http-nio-8085"]
2026-05-25 20:39:18.803 INFO  o.s.boot.tomcat.TomcatWebServer - Tomcat started on port 8085 (http) with context path '/'
2026-05-25 20:39:18.811 INFO  a.d.s.SpringProject14aprelApplication - Started SpringProject14aprelApplication in 0.746 seconds (process running for 262.686)
2026-05-25 20:39:18.819 INFO  o.s.b.d.a.ConditionEvaluationDeltaLoggingListener - Condition evaluation unchanged
2026-05-25 20:39:18.823 INFO  a.d.s.config.LogDemo - Sistem melumatlari ucun logging
2026-05-25 20:39:18.823 WARN  a.d.s.config.LogDemo - Xeberadarliq mesajlari ucun logging
2026-05-25 20:39:18.823 ERROR a.d.s.config.LogDemo - Kritik mesajlar ucun logging
2026-05-25 20:44:35.537 INFO  o.a.c.c.C.[Tomcat].[localhost].[/] - Initializing Spring DispatcherServlet 'dispatcherServlet'
2026-05-25 20:44:35.538 INFO  o.s.web.servlet.DispatcherServlet - Initializing Servlet 'dispatcherServlet'
2026-05-25 20:44:35.541 INFO  o.s.web.servlet.DispatcherServlet - Completed initialization in 3 ms
2026-05-25 20:47:22.288 WARN  o.s.w.s.m.s.DefaultHandlerExceptionResolver - Resolved [org.springframework.web.HttpRequestMethodNotSupportedException: Request method 'GET' is not supported]
2026-05-25 20:52:31.091 INFO  o.s.b.d.a.LocalDevToolsAutoConfiguration$RestartingClassPathChangeChangedEventListener - Restarting due to 1 class path change (0 additions, 0 deletions, 1 modification)
2026-05-25 20:52:31.095 INFO  o.s.boot.tomcat.GracefulShutdown - Commencing graceful shutdown. Waiting for active requests to complete
2026-05-25 20:52:31.095 INFO  o.a.coyote.http11.Http11NioProtocol - Pausing ProtocolHandler ["http-nio-8085"]
2026-05-25 20:52:31.103 INFO  o.s.boot.tomcat.GracefulShutdown - Graceful shutdown complete
2026-05-25 20:52:31.104 INFO  o.a.coyote.http11.Http11NioProtocol - Stopping ProtocolHandler ["http-nio-8085"]
2026-05-25 20:52:31.244 INFO  a.d.s.SpringProject14aprelApplication - Starting SpringProject14aprelApplication using Java 21.0.8 with PID 3228 (C:\Github\14Aprel_group\codes\spring\spring-project-14aprel\target\classes started by User in C:\Github\14Aprel_group\codes\spring\spring-project-14aprel)
2026-05-25 20:52:31.245 INFO  a.d.s.SpringProject14aprelApplication - No active profile set, falling back to 1 default profile: "default"
2026-05-25 20:52:31.599 INFO  o.s.boot.tomcat.TomcatWebServer - Tomcat initialized with port 8085 (http)
2026-05-25 20:52:31.600 INFO  o.a.coyote.http11.Http11NioProtocol - Initializing ProtocolHandler ["http-nio-8085"]
2026-05-25 20:52:31.602 INFO  o.a.catalina.core.StandardService - Starting service [Tomcat]
2026-05-25 20:52:31.602 INFO  o.a.catalina.core.StandardEngine - Starting Servlet engine: [Apache Tomcat/11.0.21]
2026-05-25 20:52:31.638 INFO  o.s.b.w.c.s.WebApplicationContextInitializer - Root WebApplicationContext: initialization completed in 385 ms
2026-05-25 20:52:31.801 INFO  o.a.coyote.http11.Http11NioProtocol - Starting ProtocolHandler ["http-nio-8085"]
2026-05-25 20:52:31.811 INFO  o.s.boot.tomcat.TomcatWebServer - Tomcat started on port 8085 (http) with context path '/'
2026-05-25 20:52:31.816 INFO  a.d.s.SpringProject14aprelApplication - Started SpringProject14aprelApplication in 0.647 seconds (process running for 1055.691)
2026-05-25 20:52:31.819 INFO  o.s.b.d.a.ConditionEvaluationDeltaLoggingListener - Condition evaluation unchanged
2026-05-25 20:52:31.821 INFO  a.d.s.config.LogDemo - Sistem melumatlari ucun logging
2026-05-25 20:52:31.821 WARN  a.d.s.config.LogDemo - Xeberadarliq mesajlari ucun logging
2026-05-25 20:52:31.821 ERROR a.d.s.config.LogDemo - Kritik mesajlar ucun logging
2026-05-25 20:52:35.089 INFO  o.a.c.c.C.[Tomcat].[localhost].[/] - Initializing Spring DispatcherServlet 'dispatcherServlet'
2026-05-25 20:52:35.091 INFO  o.s.web.servlet.DispatcherServlet - Initializing Servlet 'dispatcherServlet'
2026-05-25 20:52:35.095 INFO  o.s.web.servlet.DispatcherServlet - Completed initialization in 3 ms
