2026-06-25 21:37:16.543 INFO  o.s.boot.tomcat.TomcatWebServer - Tomcat initialized with port 8085 (http)
2026-06-25 21:37:16.551 INFO  o.a.coyote.http11.Http11NioProtocol - Initializing ProtocolHandler ["http-nio-8085"]
2026-06-25 21:37:16.553 INFO  o.a.catalina.core.StandardService - Starting service [Tomcat]
2026-06-25 21:37:16.553 INFO  o.a.catalina.core.StandardEngine - Starting Servlet engine: [Apache Tomcat/11.0.21]
2026-06-25 21:37:16.586 INFO  o.s.b.w.c.s.WebApplicationContextInitializer - Root WebApplicationContext: initialization completed in 421 ms
2026-06-25 21:37:16.639 INFO  org.hibernate.orm.jpa - HHH008540: Processing PersistenceUnitInfo [name: default]
2026-06-25 21:37:16.695 INFO  o.s.o.j.p.SpringPersistenceUnitInfo - No LoadTimeWeaver setup: ignoring JPA class transformer
2026-06-25 21:37:16.697 INFO  com.zaxxer.hikari.HikariDataSource - HikariPool-4 - Starting...
2026-06-25 21:37:16.728 INFO  com.zaxxer.hikari.pool.HikariPool - HikariPool-4 - Added connection com.mysql.cj.jdbc.ConnectionImpl@5bc02418
2026-06-25 21:37:16.730 INFO  com.zaxxer.hikari.HikariDataSource - HikariPool-4 - Start completed.
2026-06-25 21:37:16.736 INFO  o.hibernate.orm.connections.pooling - HHH10001005: Database info:
	Database JDBC URL [jdbc:mysql://localhost:3306/bookshopping_db]
	Database driver: MySQL Connector/J
	Database dialect: MySQLDialect
	Database version: 8.0.43
	Default catalog/schema: bookshopping_db/undefined
	Autocommit mode: undefined/unknown
	Isolation level: REPEATABLE_READ [default REPEATABLE_READ]
	JDBC fetch size: none
	Pool: DataSourceConnectionProvider
	Minimum pool size: undefined/unknown
	Maximum pool size: undefined/unknown
2026-06-25 21:37:16.853 INFO  org.hibernate.orm.core - HHH000489: No JTA platform available (set 'hibernate.transaction.jta.platform' to enable JTA platform integration)
2026-06-25 21:37:16.900 INFO  o.s.o.j.LocalContainerEntityManagerFactoryBean - Initialized JPA EntityManagerFactory for persistence unit 'default'
2026-06-25 21:37:17.038 WARN  o.s.b.j.a.JpaBaseConfiguration$JpaWebConfiguration - spring.jpa.open-in-view is enabled by default. Therefore, database queries may be performed during view rendering. Explicitly configure spring.jpa.open-in-view to disable this warning
2026-06-25 21:37:17.120 INFO  o.a.coyote.http11.Http11NioProtocol - Starting ProtocolHandler ["http-nio-8085"]
2026-06-25 21:37:17.127 INFO  o.s.boot.tomcat.TomcatWebServer - Tomcat started on port 8085 (http) with context path '/'
2026-06-25 21:37:17.131 INFO  a.d.s.SpringProject14aprelApplication - Started SpringProject14aprelApplication in 1.02 seconds (process running for 571.128)
2026-06-25 21:37:17.132 INFO  o.s.b.d.a.ConditionEvaluationDeltaLoggingListener - Condition evaluation unchanged
2026-06-25 21:37:17.134 INFO  a.d.s.config.LogDemo - Sistem melumatlari ucun logging
2026-06-25 21:37:17.134 WARN  a.d.s.config.LogDemo - Xeberadarliq mesajlari ucun logging
2026-06-25 21:37:17.134 ERROR a.d.s.config.LogDemo - Kritik mesajlar ucun logging
2026-06-25 21:37:18.555 INFO  o.s.b.d.a.LocalDevToolsAutoConfiguration$RestartingClassPathChangeChangedEventListener - Restarting due to 2 class path changes (0 additions, 0 deletions, 2 modifications)
2026-06-25 21:37:18.558 INFO  o.s.boot.tomcat.GracefulShutdown - Commencing graceful shutdown. Waiting for active requests to complete
2026-06-25 21:37:18.559 INFO  o.a.coyote.http11.Http11NioProtocol - Pausing ProtocolHandler ["http-nio-8085"]
2026-06-25 21:37:18.568 INFO  o.s.boot.tomcat.GracefulShutdown - Graceful shutdown complete
2026-06-25 21:37:18.570 INFO  o.a.coyote.http11.Http11NioProtocol - Stopping ProtocolHandler ["http-nio-8085"]
2026-06-25 21:37:18.572 INFO  o.s.o.j.LocalContainerEntityManagerFactoryBean - Closing JPA EntityManagerFactory for persistence unit 'default'
2026-06-25 21:37:18.574 INFO  com.zaxxer.hikari.HikariDataSource - HikariPool-4 - Shutdown initiated...
2026-06-25 21:37:18.585 INFO  com.zaxxer.hikari.HikariDataSource - HikariPool-4 - Shutdown completed.
2026-06-25 21:37:18.700 INFO  a.d.s.SpringProject14aprelApplication - Starting SpringProject14aprelApplication using Java 21.0.8 with PID 33424 (C:\Github\14Aprel_group\codes\spring\spring-project-14aprel\target\classes started by User in C:\Github\14Aprel_group\codes\spring\spring-project-14aprel)
2026-06-25 21:37:18.700 INFO  a.d.s.SpringProject14aprelApplication - No active profile set, falling back to 1 default profile: "default"
2026-06-25 21:37:18.905 INFO  o.s.d.r.c.RepositoryConfigurationDelegate - Bootstrapping Spring Data JPA repositories in DEFAULT mode.
2026-06-25 21:37:18.924 INFO  o.s.d.r.c.RepositoryConfigurationDelegate - Finished Spring Data repository scanning in 16 ms. Found 2 JPA repository interfaces.
2026-06-25 21:37:19.062 INFO  o.s.boot.tomcat.TomcatWebServer - Tomcat initialized with port 8085 (http)
2026-06-25 21:37:19.064 INFO  o.a.coyote.http11.Http11NioProtocol - Initializing ProtocolHandler ["http-nio-8085"]
2026-06-25 21:37:19.064 INFO  o.a.catalina.core.StandardService - Starting service [Tomcat]
2026-06-25 21:37:19.065 INFO  o.a.catalina.core.StandardEngine - Starting Servlet engine: [Apache Tomcat/11.0.21]
2026-06-25 21:37:19.090 INFO  o.s.b.w.c.s.WebApplicationContextInitializer - Root WebApplicationContext: initialization completed in 387 ms
2026-06-25 21:37:19.133 INFO  org.hibernate.orm.jpa - HHH008540: Processing PersistenceUnitInfo [name: default]
2026-06-25 21:37:19.175 INFO  o.s.o.j.p.SpringPersistenceUnitInfo - No LoadTimeWeaver setup: ignoring JPA class transformer
2026-06-25 21:37:19.177 INFO  com.zaxxer.hikari.HikariDataSource - HikariPool-5 - Starting...
2026-06-25 21:37:19.206 INFO  com.zaxxer.hikari.pool.HikariPool - HikariPool-5 - Added connection com.mysql.cj.jdbc.ConnectionImpl@4202f6b3
2026-06-25 21:37:19.207 INFO  com.zaxxer.hikari.HikariDataSource - HikariPool-5 - Start completed.
2026-06-25 21:37:19.211 INFO  o.hibernate.orm.connections.pooling - HHH10001005: Database info:
	Database JDBC URL [jdbc:mysql://localhost:3306/bookshopping_db]
	Database driver: MySQL Connector/J
	Database dialect: MySQLDialect
	Database version: 8.0.43
	Default catalog/schema: bookshopping_db/undefined
	Autocommit mode: undefined/unknown
	Isolation level: REPEATABLE_READ [default REPEATABLE_READ]
	JDBC fetch size: none
	Pool: DataSourceConnectionProvider
	Minimum pool size: undefined/unknown
	Maximum pool size: undefined/unknown
2026-06-25 21:37:19.281 INFO  org.hibernate.orm.core - HHH000489: No JTA platform available (set 'hibernate.transaction.jta.platform' to enable JTA platform integration)
2026-06-25 21:37:19.327 INFO  o.s.o.j.LocalContainerEntityManagerFactoryBean - Initialized JPA EntityManagerFactory for persistence unit 'default'
2026-06-25 21:37:19.445 WARN  o.s.b.j.a.JpaBaseConfiguration$JpaWebConfiguration - spring.jpa.open-in-view is enabled by default. Therefore, database queries may be performed during view rendering. Explicitly configure spring.jpa.open-in-view to disable this warning
2026-06-25 21:37:19.542 INFO  o.a.coyote.http11.Http11NioProtocol - Starting ProtocolHandler ["http-nio-8085"]
2026-06-25 21:37:19.548 INFO  o.s.boot.tomcat.TomcatWebServer - Tomcat started on port 8085 (http) with context path '/'
2026-06-25 21:37:19.552 INFO  a.d.s.SpringProject14aprelApplication - Started SpringProject14aprelApplication in 0.896 seconds (process running for 573.549)
2026-06-25 21:37:19.554 INFO  o.s.b.d.a.ConditionEvaluationDeltaLoggingListener - Condition evaluation unchanged
2026-06-25 21:37:19.555 INFO  a.d.s.config.LogDemo - Sistem melumatlari ucun logging
2026-06-25 21:37:19.555 WARN  a.d.s.config.LogDemo - Xeberadarliq mesajlari ucun logging
2026-06-25 21:37:19.555 ERROR a.d.s.config.LogDemo - Kritik mesajlar ucun logging
2026-06-25 21:37:24.238 INFO  o.a.c.c.C.[Tomcat].[localhost].[/] - Initializing Spring DispatcherServlet 'dispatcherServlet'
2026-06-25 21:37:24.238 INFO  o.s.web.servlet.DispatcherServlet - Initializing Servlet 'dispatcherServlet'
2026-06-25 21:37:24.242 INFO  o.s.web.servlet.DispatcherServlet - Completed initialization in 3 ms
