2026-06-01 20:32:35.110 INFO  o.a.coyote.http11.Http11NioProtocol - Pausing ProtocolHandler ["http-nio-8085"]
2026-06-01 20:32:35.170 INFO  o.s.boot.tomcat.GracefulShutdown - Graceful shutdown complete
2026-06-01 20:32:35.171 INFO  o.a.coyote.http11.Http11NioProtocol - Stopping ProtocolHandler ["http-nio-8085"]
2026-06-01 20:32:35.175 INFO  com.zaxxer.hikari.HikariDataSource - HikariPool-2 - Shutdown initiated...
2026-06-01 20:32:35.190 INFO  com.zaxxer.hikari.HikariDataSource - HikariPool-2 - Shutdown completed.
2026-06-01 20:32:35.338 INFO  a.d.s.SpringProject14aprelApplication - Starting SpringProject14aprelApplication using Java 21.0.8 with PID 11284 (C:\Github\14Aprel_group\codes\spring\spring-project-14aprel\target\classes started by User in C:\Github\14Aprel_group\codes\spring\spring-project-14aprel)
2026-06-01 20:32:35.339 INFO  a.d.s.SpringProject14aprelApplication - No active profile set, falling back to 1 default profile: "default"
2026-06-01 20:32:35.694 INFO  o.s.boot.tomcat.TomcatWebServer - Tomcat initialized with port 8085 (http)
2026-06-01 20:32:35.696 INFO  o.a.coyote.http11.Http11NioProtocol - Initializing ProtocolHandler ["http-nio-8085"]
2026-06-01 20:32:35.697 INFO  o.a.catalina.core.StandardService - Starting service [Tomcat]
2026-06-01 20:32:35.697 INFO  o.a.catalina.core.StandardEngine - Starting Servlet engine: [Apache Tomcat/11.0.21]
2026-06-01 20:32:35.736 INFO  o.s.b.w.c.s.WebApplicationContextInitializer - Root WebApplicationContext: initialization completed in 393 ms
2026-06-01 20:32:35.907 INFO  o.a.coyote.http11.Http11NioProtocol - Starting ProtocolHandler ["http-nio-8085"]
2026-06-01 20:32:35.920 INFO  o.s.boot.tomcat.TomcatWebServer - Tomcat started on port 8085 (http) with context path '/'
2026-06-01 20:32:35.921 INFO  a.d.s.SpringProject14aprelApplication - Started SpringProject14aprelApplication in 0.633 seconds (process running for 730.772)
2026-06-01 20:32:35.923 INFO  o.s.b.d.a.ConditionEvaluationDeltaLoggingListener - Condition evaluation unchanged
2026-06-01 20:32:35.924 INFO  a.d.s.config.LogDemo - Sistem melumatlari ucun logging
2026-06-01 20:32:35.924 WARN  a.d.s.config.LogDemo - Xeberadarliq mesajlari ucun logging
2026-06-01 20:32:35.924 ERROR a.d.s.config.LogDemo - Kritik mesajlar ucun logging
2026-06-01 20:33:03.778 INFO  o.a.c.c.C.[Tomcat].[localhost].[/] - Initializing Spring DispatcherServlet 'dispatcherServlet'
2026-06-01 20:33:03.778 INFO  o.s.web.servlet.DispatcherServlet - Initializing Servlet 'dispatcherServlet'
2026-06-01 20:33:03.780 INFO  o.s.web.servlet.DispatcherServlet - Completed initialization in 1 ms
2026-06-01 20:33:03.800 INFO  com.zaxxer.hikari.HikariDataSource - HikariPool-3 - Starting...
2026-06-01 20:33:03.835 INFO  com.zaxxer.hikari.pool.HikariPool - HikariPool-3 - Added connection com.mysql.cj.jdbc.ConnectionImpl@7effff92
2026-06-01 20:33:03.835 INFO  com.zaxxer.hikari.HikariDataSource - HikariPool-3 - Start completed.
2026-06-01 20:33:37.994 INFO  o.s.b.d.a.LocalDevToolsAutoConfiguration$RestartingClassPathChangeChangedEventListener - Restarting due to 1 class path change (0 additions, 0 deletions, 1 modification)
2026-06-01 20:33:37.996 INFO  o.s.boot.tomcat.GracefulShutdown - Commencing graceful shutdown. Waiting for active requests to complete
2026-06-01 20:33:37.997 INFO  o.a.coyote.http11.Http11NioProtocol - Pausing ProtocolHandler ["http-nio-8085"]
2026-06-01 20:33:38.002 INFO  o.s.boot.tomcat.GracefulShutdown - Graceful shutdown complete
2026-06-01 20:33:38.003 INFO  o.a.coyote.http11.Http11NioProtocol - Stopping ProtocolHandler ["http-nio-8085"]
2026-06-01 20:33:38.009 INFO  com.zaxxer.hikari.HikariDataSource - HikariPool-3 - Shutdown initiated...
2026-06-01 20:33:38.020 INFO  com.zaxxer.hikari.HikariDataSource - HikariPool-3 - Shutdown completed.
2026-06-01 20:33:38.134 INFO  a.d.s.SpringProject14aprelApplication - Starting SpringProject14aprelApplication using Java 21.0.8 with PID 11284 (C:\Github\14Aprel_group\codes\spring\spring-project-14aprel\target\classes started by User in C:\Github\14Aprel_group\codes\spring\spring-project-14aprel)
2026-06-01 20:33:38.135 INFO  a.d.s.SpringProject14aprelApplication - No active profile set, falling back to 1 default profile: "default"
2026-06-01 20:33:38.437 INFO  o.s.boot.tomcat.TomcatWebServer - Tomcat initialized with port 8085 (http)
2026-06-01 20:33:38.438 INFO  o.a.coyote.http11.Http11NioProtocol - Initializing ProtocolHandler ["http-nio-8085"]
2026-06-01 20:33:38.438 INFO  o.a.catalina.core.StandardService - Starting service [Tomcat]
2026-06-01 20:33:38.439 INFO  o.a.catalina.core.StandardEngine - Starting Servlet engine: [Apache Tomcat/11.0.21]
2026-06-01 20:33:38.463 INFO  o.s.b.w.c.s.WebApplicationContextInitializer - Root WebApplicationContext: initialization completed in 327 ms
2026-06-01 20:33:38.612 INFO  o.a.coyote.http11.Http11NioProtocol - Starting ProtocolHandler ["http-nio-8085"]
2026-06-01 20:33:38.619 INFO  o.s.boot.tomcat.TomcatWebServer - Tomcat started on port 8085 (http) with context path '/'
2026-06-01 20:33:38.622 INFO  a.d.s.SpringProject14aprelApplication - Started SpringProject14aprelApplication in 0.532 seconds (process running for 793.472)
2026-06-01 20:33:38.623 INFO  o.s.b.d.a.ConditionEvaluationDeltaLoggingListener - Condition evaluation unchanged
2026-06-01 20:33:38.624 INFO  a.d.s.config.LogDemo - Sistem melumatlari ucun logging
2026-06-01 20:33:38.624 WARN  a.d.s.config.LogDemo - Xeberadarliq mesajlari ucun logging
2026-06-01 20:33:38.624 ERROR a.d.s.config.LogDemo - Kritik mesajlar ucun logging
2026-06-01 20:33:42.548 INFO  o.a.c.c.C.[Tomcat].[localhost].[/] - Initializing Spring DispatcherServlet 'dispatcherServlet'
2026-06-01 20:33:42.549 INFO  o.s.web.servlet.DispatcherServlet - Initializing Servlet 'dispatcherServlet'
2026-06-01 20:33:42.551 INFO  o.s.web.servlet.DispatcherServlet - Completed initialization in 2 ms
2026-06-01 20:33:42.556 INFO  com.zaxxer.hikari.HikariDataSource - HikariPool-4 - Starting...
2026-06-01 20:33:42.593 INFO  com.zaxxer.hikari.pool.HikariPool - HikariPool-4 - Added connection com.mysql.cj.jdbc.ConnectionImpl@1a6379e2
2026-06-01 20:33:42.594 INFO  com.zaxxer.hikari.HikariDataSource - HikariPool-4 - Start completed.
2026-06-01 20:34:15.951 INFO  o.s.b.d.a.LocalDevToolsAutoConfiguration$RestartingClassPathChangeChangedEventListener - Restarting due to 1 class path change (0 additions, 0 deletions, 1 modification)
2026-06-01 20:34:15.953 INFO  o.s.boot.tomcat.GracefulShutdown - Commencing graceful shutdown. Waiting for active requests to complete
2026-06-01 20:34:15.955 INFO  o.a.coyote.http11.Http11NioProtocol - Pausing ProtocolHandler ["http-nio-8085"]
2026-06-01 20:34:15.967 INFO  o.s.boot.tomcat.GracefulShutdown - Graceful shutdown complete
2026-06-01 20:34:15.968 INFO  o.a.coyote.http11.Http11NioProtocol - Stopping ProtocolHandler ["http-nio-8085"]
2026-06-01 20:34:15.972 INFO  com.zaxxer.hikari.HikariDataSource - HikariPool-4 - Shutdown initiated...
2026-06-01 20:34:15.980 INFO  com.zaxxer.hikari.HikariDataSource - HikariPool-4 - Shutdown completed.
2026-06-01 20:34:16.098 INFO  a.d.s.SpringProject14aprelApplication - Starting SpringProject14aprelApplication using Java 21.0.8 with PID 11284 (C:\Github\14Aprel_group\codes\spring\spring-project-14aprel\target\classes started by User in C:\Github\14Aprel_group\codes\spring\spring-project-14aprel)
2026-06-01 20:34:16.099 INFO  a.d.s.SpringProject14aprelApplication - No active profile set, falling back to 1 default profile: "default"
2026-06-01 20:34:16.376 INFO  o.s.boot.tomcat.TomcatWebServer - Tomcat initialized with port 8085 (http)
2026-06-01 20:34:16.378 INFO  o.a.coyote.http11.Http11NioProtocol - Initializing ProtocolHandler ["http-nio-8085"]
2026-06-01 20:34:16.379 INFO  o.a.catalina.core.StandardService - Starting service [Tomcat]
2026-06-01 20:34:16.379 INFO  o.a.catalina.core.StandardEngine - Starting Servlet engine: [Apache Tomcat/11.0.21]
2026-06-01 20:34:16.412 INFO  o.s.b.w.c.s.WebApplicationContextInitializer - Root WebApplicationContext: initialization completed in 310 ms
2026-06-01 20:34:16.545 INFO  o.a.coyote.http11.Http11NioProtocol - Starting ProtocolHandler ["http-nio-8085"]
2026-06-01 20:34:16.554 INFO  o.s.boot.tomcat.TomcatWebServer - Tomcat started on port 8085 (http) with context path '/'
2026-06-01 20:34:16.557 INFO  a.d.s.SpringProject14aprelApplication - Started SpringProject14aprelApplication in 0.501 seconds (process running for 831.407)
2026-06-01 20:34:16.558 INFO  o.s.b.d.a.ConditionEvaluationDeltaLoggingListener - Condition evaluation unchanged
2026-06-01 20:34:16.559 INFO  a.d.s.config.LogDemo - Sistem melumatlari ucun logging
2026-06-01 20:34:16.559 WARN  a.d.s.config.LogDemo - Xeberadarliq mesajlari ucun logging
2026-06-01 20:34:16.559 ERROR a.d.s.config.LogDemo - Kritik mesajlar ucun logging
2026-06-01 20:34:20.398 INFO  o.a.c.c.C.[Tomcat].[localhost].[/] - Initializing Spring DispatcherServlet 'dispatcherServlet'
2026-06-01 20:34:20.398 INFO  o.s.web.servlet.DispatcherServlet - Initializing Servlet 'dispatcherServlet'
2026-06-01 20:34:20.400 INFO  o.s.web.servlet.DispatcherServlet - Completed initialization in 2 ms
2026-06-01 20:34:20.410 INFO  com.zaxxer.hikari.HikariDataSource - HikariPool-5 - Starting...
2026-06-01 20:34:20.449 INFO  com.zaxxer.hikari.pool.HikariPool - HikariPool-5 - Added connection com.mysql.cj.jdbc.ConnectionImpl@36e49112
2026-06-01 20:34:20.450 INFO  com.zaxxer.hikari.HikariDataSource - HikariPool-5 - Start completed.
2026-06-01 20:34:26.201 INFO  o.s.b.d.a.LocalDevToolsAutoConfiguration$RestartingClassPathChangeChangedEventListener - Restarting due to 1 class path change (0 additions, 0 deletions, 1 modification)
2026-06-01 20:34:26.205 INFO  o.s.boot.tomcat.GracefulShutdown - Commencing graceful shutdown. Waiting for active requests to complete
2026-06-01 20:34:26.207 INFO  o.a.coyote.http11.Http11NioProtocol - Pausing ProtocolHandler ["http-nio-8085"]
2026-06-01 20:34:26.220 INFO  o.s.boot.tomcat.GracefulShutdown - Graceful shutdown complete
2026-06-01 20:34:26.222 INFO  o.a.coyote.http11.Http11NioProtocol - Stopping ProtocolHandler ["http-nio-8085"]
2026-06-01 20:34:26.226 INFO  com.zaxxer.hikari.HikariDataSource - HikariPool-5 - Shutdown initiated...
