2026-06-04 17:34:58.361 INFO  o.s.web.servlet.DispatcherServlet - Initializing Servlet 'dispatcherServlet'
2026-06-04 17:34:58.400 INFO  o.s.web.servlet.DispatcherServlet - Completed initialization in 7 ms
2026-06-04 17:34:58.405 INFO  com.zaxxer.hikari.HikariDataSource - HikariPool-9 - Starting...
2026-06-04 17:34:58.434 INFO  com.zaxxer.hikari.pool.HikariPool - HikariPool-9 - Added connection com.mysql.cj.jdbc.ConnectionImpl@6c33d60d
2026-06-04 17:34:58.438 INFO  com.zaxxer.hikari.HikariDataSource - HikariPool-9 - Start completed.
2026-06-04 17:35:56.323 INFO  o.s.b.d.a.LocalDevToolsAutoConfiguration$RestartingClassPathChangeChangedEventListener - Restarting due to 1 class path change (0 additions, 0 deletions, 1 modification)
2026-06-04 17:35:56.327 INFO  o.s.boot.tomcat.GracefulShutdown - Commencing graceful shutdown. Waiting for active requests to complete
2026-06-04 17:35:56.327 INFO  o.a.coyote.http11.Http11NioProtocol - Pausing ProtocolHandler ["http-nio-8085"]
2026-06-04 17:35:56.340 INFO  o.s.boot.tomcat.GracefulShutdown - Graceful shutdown complete
2026-06-04 17:35:56.340 INFO  o.a.coyote.http11.Http11NioProtocol - Stopping ProtocolHandler ["http-nio-8085"]
2026-06-04 17:35:56.350 INFO  com.zaxxer.hikari.HikariDataSource - HikariPool-9 - Shutdown initiated...
2026-06-04 17:35:56.356 INFO  com.zaxxer.hikari.HikariDataSource - HikariPool-9 - Shutdown completed.
2026-06-04 17:35:56.525 INFO  a.d.s.SpringProject14aprelApplication - Starting SpringProject14aprelApplication using Java 21.0.8 with PID 35784 (C:\Github\14Aprel_group\codes\spring\spring-project-14aprel\target\classes started by User in C:\Github\14Aprel_group\codes\spring\spring-project-14aprel)
2026-06-04 17:35:56.526 INFO  a.d.s.SpringProject14aprelApplication - No active profile set, falling back to 1 default profile: "default"
2026-06-04 17:35:56.666 INFO  o.s.boot.tomcat.TomcatWebServer - Tomcat initialized with port 8085 (http)
2026-06-04 17:35:56.668 INFO  o.a.coyote.http11.Http11NioProtocol - Initializing ProtocolHandler ["http-nio-8085"]
2026-06-04 17:35:56.668 INFO  o.a.catalina.core.StandardService - Starting service [Tomcat]
2026-06-04 17:35:56.669 INFO  o.a.catalina.core.StandardEngine - Starting Servlet engine: [Apache Tomcat/11.0.21]
2026-06-04 17:35:56.690 INFO  o.s.b.w.c.s.WebApplicationContextInitializer - Root WebApplicationContext: initialization completed in 162 ms
2026-06-04 17:35:56.764 INFO  o.a.coyote.http11.Http11NioProtocol - Starting ProtocolHandler ["http-nio-8085"]
2026-06-04 17:35:56.769 INFO  o.s.boot.tomcat.TomcatWebServer - Tomcat started on port 8085 (http) with context path '/'
2026-06-04 17:35:56.772 INFO  a.d.s.SpringProject14aprelApplication - Started SpringProject14aprelApplication in 0.332 seconds (process running for 3691.601)
2026-06-04 17:35:56.773 INFO  o.s.b.d.a.ConditionEvaluationDeltaLoggingListener - Condition evaluation unchanged
2026-06-04 17:35:56.773 INFO  a.d.s.config.LogDemo - Sistem melumatlari ucun logging
2026-06-04 17:35:56.773 WARN  a.d.s.config.LogDemo - Xeberadarliq mesajlari ucun logging
2026-06-04 17:35:56.773 ERROR a.d.s.config.LogDemo - Kritik mesajlar ucun logging
2026-06-04 17:36:04.509 INFO  o.a.c.c.C.[Tomcat-1].[localhost].[/] - Initializing Spring DispatcherServlet 'dispatcherServlet'
2026-06-04 17:36:04.511 INFO  o.s.web.servlet.DispatcherServlet - Initializing Servlet 'dispatcherServlet'
2026-06-04 17:36:04.512 INFO  o.s.web.servlet.DispatcherServlet - Completed initialization in 1 ms
2026-06-04 17:36:04.516 INFO  com.zaxxer.hikari.HikariDataSource - HikariPool-10 - Starting...
2026-06-04 17:36:04.556 INFO  com.zaxxer.hikari.pool.HikariPool - HikariPool-10 - Added connection com.mysql.cj.jdbc.ConnectionImpl@6b784e7b
2026-06-04 17:36:04.556 INFO  com.zaxxer.hikari.HikariDataSource - HikariPool-10 - Start completed.
2026-06-04 17:36:22.886 INFO  o.s.b.d.a.LocalDevToolsAutoConfiguration$RestartingClassPathChangeChangedEventListener - Restarting due to 1 class path change (0 additions, 0 deletions, 1 modification)
2026-06-04 17:36:22.889 INFO  o.s.boot.tomcat.GracefulShutdown - Commencing graceful shutdown. Waiting for active requests to complete
2026-06-04 17:36:22.890 INFO  o.a.coyote.http11.Http11NioProtocol - Pausing ProtocolHandler ["http-nio-8085"]
2026-06-04 17:36:22.902 INFO  o.s.boot.tomcat.GracefulShutdown - Graceful shutdown complete
2026-06-04 17:36:22.903 INFO  o.a.coyote.http11.Http11NioProtocol - Stopping ProtocolHandler ["http-nio-8085"]
2026-06-04 17:36:22.909 INFO  com.zaxxer.hikari.HikariDataSource - HikariPool-10 - Shutdown initiated...
2026-06-04 17:36:22.920 INFO  com.zaxxer.hikari.HikariDataSource - HikariPool-10 - Shutdown completed.
2026-06-04 17:36:23.037 INFO  a.d.s.SpringProject14aprelApplication - Starting SpringProject14aprelApplication using Java 21.0.8 with PID 35784 (C:\Github\14Aprel_group\codes\spring\spring-project-14aprel\target\classes started by User in C:\Github\14Aprel_group\codes\spring\spring-project-14aprel)
2026-06-04 17:36:23.037 INFO  a.d.s.SpringProject14aprelApplication - No active profile set, falling back to 1 default profile: "default"
2026-06-04 17:36:23.203 INFO  o.s.boot.tomcat.TomcatWebServer - Tomcat initialized with port 8085 (http)
2026-06-04 17:36:23.204 INFO  o.a.coyote.http11.Http11NioProtocol - Initializing ProtocolHandler ["http-nio-8085"]
2026-06-04 17:36:23.204 INFO  o.a.catalina.core.StandardService - Starting service [Tomcat]
2026-06-04 17:36:23.204 INFO  o.a.catalina.core.StandardEngine - Starting Servlet engine: [Apache Tomcat/11.0.21]
2026-06-04 17:36:23.221 INFO  o.s.b.w.c.s.WebApplicationContextInitializer - Root WebApplicationContext: initialization completed in 182 ms
2026-06-04 17:36:23.290 INFO  o.a.coyote.http11.Http11NioProtocol - Starting ProtocolHandler ["http-nio-8085"]
2026-06-04 17:36:23.294 INFO  o.s.boot.tomcat.TomcatWebServer - Tomcat started on port 8085 (http) with context path '/'
2026-06-04 17:36:23.296 INFO  a.d.s.SpringProject14aprelApplication - Started SpringProject14aprelApplication in 0.289 seconds (process running for 3718.125)
2026-06-04 17:36:23.296 INFO  o.s.b.d.a.ConditionEvaluationDeltaLoggingListener - Condition evaluation unchanged
2026-06-04 17:36:23.297 INFO  a.d.s.config.LogDemo - Sistem melumatlari ucun logging
2026-06-04 17:36:23.297 WARN  a.d.s.config.LogDemo - Xeberadarliq mesajlari ucun logging
2026-06-04 17:36:23.297 ERROR a.d.s.config.LogDemo - Kritik mesajlar ucun logging
2026-06-04 17:36:28.139 INFO  o.a.c.c.C.[Tomcat-1].[localhost].[/] - Initializing Spring DispatcherServlet 'dispatcherServlet'
2026-06-04 17:36:28.139 INFO  o.s.web.servlet.DispatcherServlet - Initializing Servlet 'dispatcherServlet'
2026-06-04 17:36:28.141 INFO  o.s.web.servlet.DispatcherServlet - Completed initialization in 2 ms
2026-06-04 17:36:28.149 INFO  com.zaxxer.hikari.HikariDataSource - HikariPool-11 - Starting...
2026-06-04 17:36:28.184 INFO  com.zaxxer.hikari.pool.HikariPool - HikariPool-11 - Added connection com.mysql.cj.jdbc.ConnectionImpl@54206684
2026-06-04 17:36:28.184 INFO  com.zaxxer.hikari.HikariDataSource - HikariPool-11 - Start completed.
2026-06-04 17:41:37.947 INFO  o.s.b.d.a.LocalDevToolsAutoConfiguration$RestartingClassPathChangeChangedEventListener - Restarting due to 1 class path change (0 additions, 0 deletions, 1 modification)
2026-06-04 17:41:37.950 INFO  o.s.boot.tomcat.GracefulShutdown - Commencing graceful shutdown. Waiting for active requests to complete
2026-06-04 17:41:37.951 INFO  o.a.coyote.http11.Http11NioProtocol - Pausing ProtocolHandler ["http-nio-8085"]
2026-06-04 17:41:37.960 INFO  o.s.boot.tomcat.GracefulShutdown - Graceful shutdown complete
2026-06-04 17:41:37.961 INFO  o.a.coyote.http11.Http11NioProtocol - Stopping ProtocolHandler ["http-nio-8085"]
2026-06-04 17:41:37.964 INFO  com.zaxxer.hikari.HikariDataSource - HikariPool-11 - Shutdown initiated...
2026-06-04 17:41:37.975 INFO  com.zaxxer.hikari.HikariDataSource - HikariPool-11 - Shutdown completed.
2026-06-04 17:41:38.104 INFO  a.d.s.SpringProject14aprelApplication - Starting SpringProject14aprelApplication using Java 21.0.8 with PID 35784 (C:\Github\14Aprel_group\codes\spring\spring-project-14aprel\target\classes started by User in C:\Github\14Aprel_group\codes\spring\spring-project-14aprel)
2026-06-04 17:41:38.105 INFO  a.d.s.SpringProject14aprelApplication - No active profile set, falling back to 1 default profile: "default"
2026-06-04 17:41:38.248 INFO  o.s.boot.tomcat.TomcatWebServer - Tomcat initialized with port 8085 (http)
2026-06-04 17:41:38.249 INFO  o.a.coyote.http11.Http11NioProtocol - Initializing ProtocolHandler ["http-nio-8085"]
2026-06-04 17:41:38.250 INFO  o.a.catalina.core.StandardService - Starting service [Tomcat]
2026-06-04 17:41:38.250 INFO  o.a.catalina.core.StandardEngine - Starting Servlet engine: [Apache Tomcat/11.0.21]
2026-06-04 17:41:38.266 INFO  o.s.b.w.c.s.WebApplicationContextInitializer - Root WebApplicationContext: initialization completed in 158 ms
2026-06-04 17:41:38.328 INFO  o.a.coyote.http11.Http11NioProtocol - Starting ProtocolHandler ["http-nio-8085"]
2026-06-04 17:41:38.332 INFO  o.s.boot.tomcat.TomcatWebServer - Tomcat started on port 8085 (http) with context path '/'
2026-06-04 17:41:38.334 INFO  a.d.s.SpringProject14aprelApplication - Started SpringProject14aprelApplication in 0.265 seconds (process running for 4033.163)
2026-06-04 17:41:38.335 INFO  o.s.b.d.a.ConditionEvaluationDeltaLoggingListener - Condition evaluation unchanged
2026-06-04 17:41:38.335 INFO  a.d.s.config.LogDemo - Sistem melumatlari ucun logging
2026-06-04 17:41:38.335 WARN  a.d.s.config.LogDemo - Xeberadarliq mesajlari ucun logging
2026-06-04 17:41:38.336 ERROR a.d.s.config.LogDemo - Kritik mesajlar ucun logging
2026-06-04 17:41:57.176 INFO  o.s.b.d.a.LocalDevToolsAutoConfiguration$RestartingClassPathChangeChangedEventListener - Restarting due to 1 class path change (0 additions, 0 deletions, 1 modification)
2026-06-04 17:41:57.180 INFO  o.s.boot.tomcat.GracefulShutdown - Commencing graceful shutdown. Waiting for active requests to complete
2026-06-04 17:41:57.181 INFO  o.a.coyote.http11.Http11NioProtocol - Pausing ProtocolHandler ["http-nio-8085"]
