2026-06-04 21:52:31.417 INFO  a.d.s.SpringProject14aprelApplication - No active profile set, falling back to 1 default profile: "default"
2026-06-04 21:52:31.618 INFO  o.s.boot.tomcat.TomcatWebServer - Tomcat initialized with port 8085 (http)
2026-06-04 21:52:31.619 INFO  o.a.coyote.http11.Http11NioProtocol - Initializing ProtocolHandler ["http-nio-8085"]
2026-06-04 21:52:31.620 INFO  o.a.catalina.core.StandardService - Starting service [Tomcat]
2026-06-04 21:52:31.621 INFO  o.a.catalina.core.StandardEngine - Starting Servlet engine: [Apache Tomcat/11.0.21]
2026-06-04 21:52:31.638 INFO  o.s.b.w.c.s.WebApplicationContextInitializer - Root WebApplicationContext: initialization completed in 218 ms
2026-06-04 21:52:31.729 INFO  o.a.coyote.http11.Http11NioProtocol - Starting ProtocolHandler ["http-nio-8085"]
2026-06-04 21:52:31.736 INFO  o.s.boot.tomcat.TomcatWebServer - Tomcat started on port 8085 (http) with context path '/'
2026-06-04 21:52:31.738 INFO  a.d.s.SpringProject14aprelApplication - Started SpringProject14aprelApplication in 0.366 seconds (process running for 13954.897)
2026-06-04 21:52:31.739 INFO  o.s.b.d.a.ConditionEvaluationDeltaLoggingListener - Condition evaluation unchanged
2026-06-04 21:52:31.740 INFO  a.d.s.config.LogDemo - Sistem melumatlari ucun logging
2026-06-04 21:52:31.740 WARN  a.d.s.config.LogDemo - Xeberadarliq mesajlari ucun logging
2026-06-04 21:52:31.740 ERROR a.d.s.config.LogDemo - Kritik mesajlar ucun logging
2026-06-04 21:52:38.119 INFO  o.a.c.c.C.[Tomcat-3].[localhost].[/] - Initializing Spring DispatcherServlet 'dispatcherServlet'
2026-06-04 21:52:38.120 INFO  o.s.web.servlet.DispatcherServlet - Initializing Servlet 'dispatcherServlet'
2026-06-04 21:52:38.122 INFO  o.s.web.servlet.DispatcherServlet - Completed initialization in 2 ms
2026-06-04 21:52:38.127 INFO  com.zaxxer.hikari.HikariDataSource - HikariPool-9 - Starting...
2026-06-04 21:52:38.163 INFO  com.zaxxer.hikari.pool.HikariPool - HikariPool-9 - Added connection com.mysql.cj.jdbc.ConnectionImpl@5420b5a6
2026-06-04 21:52:38.163 INFO  com.zaxxer.hikari.HikariDataSource - HikariPool-9 - Start completed.
2026-06-04 21:52:52.667 INFO  o.s.b.d.a.LocalDevToolsAutoConfiguration$RestartingClassPathChangeChangedEventListener - Restarting due to 1 class path change (0 additions, 0 deletions, 1 modification)
2026-06-04 21:52:52.670 INFO  o.s.boot.tomcat.GracefulShutdown - Commencing graceful shutdown. Waiting for active requests to complete
2026-06-04 21:52:52.671 INFO  o.a.coyote.http11.Http11NioProtocol - Pausing ProtocolHandler ["http-nio-8085"]
2026-06-04 21:52:52.685 INFO  o.s.boot.tomcat.GracefulShutdown - Graceful shutdown complete
2026-06-04 21:52:52.686 INFO  o.a.coyote.http11.Http11NioProtocol - Stopping ProtocolHandler ["http-nio-8085"]
2026-06-04 21:52:52.690 INFO  com.zaxxer.hikari.HikariDataSource - HikariPool-9 - Shutdown initiated...
2026-06-04 21:52:52.700 INFO  com.zaxxer.hikari.HikariDataSource - HikariPool-9 - Shutdown completed.
2026-06-04 21:52:52.858 INFO  a.d.s.SpringProject14aprelApplication - Starting SpringProject14aprelApplication using Java 21.0.8 with PID 37180 (C:\Github\14Aprel_group\codes\spring\spring-project-14aprel\target\classes started by User in C:\Github\14Aprel_group\codes\spring\spring-project-14aprel)
2026-06-04 21:52:52.858 INFO  a.d.s.SpringProject14aprelApplication - No active profile set, falling back to 1 default profile: "default"
2026-06-04 21:52:53.074 INFO  o.s.boot.tomcat.TomcatWebServer - Tomcat initialized with port 8085 (http)
2026-06-04 21:52:53.075 INFO  o.a.coyote.http11.Http11NioProtocol - Initializing ProtocolHandler ["http-nio-8085"]
2026-06-04 21:52:53.076 INFO  o.a.catalina.core.StandardService - Starting service [Tomcat]
2026-06-04 21:52:53.076 INFO  o.a.catalina.core.StandardEngine - Starting Servlet engine: [Apache Tomcat/11.0.21]
2026-06-04 21:52:53.093 INFO  o.s.b.w.c.s.WebApplicationContextInitializer - Root WebApplicationContext: initialization completed in 231 ms
2026-06-04 21:52:53.181 INFO  o.a.coyote.http11.Http11NioProtocol - Starting ProtocolHandler ["http-nio-8085"]
2026-06-04 21:52:53.185 INFO  o.s.boot.tomcat.TomcatWebServer - Tomcat started on port 8085 (http) with context path '/'
2026-06-04 21:52:53.188 INFO  a.d.s.SpringProject14aprelApplication - Started SpringProject14aprelApplication in 0.394 seconds (process running for 13976.346)
2026-06-04 21:52:53.189 INFO  o.s.b.d.a.ConditionEvaluationDeltaLoggingListener - Condition evaluation unchanged
2026-06-04 21:52:53.190 INFO  a.d.s.config.LogDemo - Sistem melumatlari ucun logging
2026-06-04 21:52:53.190 WARN  a.d.s.config.LogDemo - Xeberadarliq mesajlari ucun logging
2026-06-04 21:52:53.190 ERROR a.d.s.config.LogDemo - Kritik mesajlar ucun logging
2026-06-04 21:53:01.916 INFO  o.a.c.c.C.[Tomcat-3].[localhost].[/] - Initializing Spring DispatcherServlet 'dispatcherServlet'
2026-06-04 21:53:01.917 INFO  o.s.web.servlet.DispatcherServlet - Initializing Servlet 'dispatcherServlet'
2026-06-04 21:53:01.919 INFO  o.s.web.servlet.DispatcherServlet - Completed initialization in 2 ms
2026-06-04 21:53:01.927 INFO  com.zaxxer.hikari.HikariDataSource - HikariPool-10 - Starting...
2026-06-04 21:53:01.961 INFO  com.zaxxer.hikari.pool.HikariPool - HikariPool-10 - Added connection com.mysql.cj.jdbc.ConnectionImpl@7b1c9657
2026-06-04 21:53:01.961 INFO  com.zaxxer.hikari.HikariDataSource - HikariPool-10 - Start completed.
2026-06-04 21:53:42.855 INFO  o.s.b.d.a.LocalDevToolsAutoConfiguration$RestartingClassPathChangeChangedEventListener - Restarting due to 1 class path change (0 additions, 0 deletions, 1 modification)
2026-06-04 21:53:42.858 INFO  o.s.boot.tomcat.GracefulShutdown - Commencing graceful shutdown. Waiting for active requests to complete
2026-06-04 21:53:42.858 INFO  o.a.coyote.http11.Http11NioProtocol - Pausing ProtocolHandler ["http-nio-8085"]
2026-06-04 21:53:42.868 INFO  o.s.boot.tomcat.GracefulShutdown - Graceful shutdown complete
2026-06-04 21:53:42.870 INFO  o.a.coyote.http11.Http11NioProtocol - Stopping ProtocolHandler ["http-nio-8085"]
2026-06-04 21:53:42.874 INFO  com.zaxxer.hikari.HikariDataSource - HikariPool-10 - Shutdown initiated...
2026-06-04 21:53:42.881 INFO  com.zaxxer.hikari.HikariDataSource - HikariPool-10 - Shutdown completed.
2026-06-04 21:53:42.977 INFO  a.d.s.SpringProject14aprelApplication - Starting SpringProject14aprelApplication using Java 21.0.8 with PID 37180 (C:\Github\14Aprel_group\codes\spring\spring-project-14aprel\target\classes started by User in C:\Github\14Aprel_group\codes\spring\spring-project-14aprel)
2026-06-04 21:53:42.977 INFO  a.d.s.SpringProject14aprelApplication - No active profile set, falling back to 1 default profile: "default"
2026-06-04 21:53:43.168 INFO  o.s.boot.tomcat.TomcatWebServer - Tomcat initialized with port 8085 (http)
2026-06-04 21:53:43.169 INFO  o.a.coyote.http11.Http11NioProtocol - Initializing ProtocolHandler ["http-nio-8085"]
2026-06-04 21:53:43.169 INFO  o.a.catalina.core.StandardService - Starting service [Tomcat]
2026-06-04 21:53:43.169 INFO  o.a.catalina.core.StandardEngine - Starting Servlet engine: [Apache Tomcat/11.0.21]
2026-06-04 21:53:43.189 INFO  o.s.b.w.c.s.WebApplicationContextInitializer - Root WebApplicationContext: initialization completed in 210 ms
2026-06-04 21:53:43.267 INFO  o.a.coyote.http11.Http11NioProtocol - Starting ProtocolHandler ["http-nio-8085"]
2026-06-04 21:53:43.275 INFO  o.s.boot.tomcat.TomcatWebServer - Tomcat started on port 8085 (http) with context path '/'
2026-06-04 21:53:43.279 INFO  a.d.s.SpringProject14aprelApplication - Started SpringProject14aprelApplication in 0.329 seconds (process running for 14026.438)
2026-06-04 21:53:43.280 INFO  o.s.b.d.a.ConditionEvaluationDeltaLoggingListener - Condition evaluation unchanged
2026-06-04 21:53:43.281 INFO  a.d.s.config.LogDemo - Sistem melumatlari ucun logging
2026-06-04 21:53:43.281 WARN  a.d.s.config.LogDemo - Xeberadarliq mesajlari ucun logging
2026-06-04 21:53:43.281 ERROR a.d.s.config.LogDemo - Kritik mesajlar ucun logging
2026-06-04 21:53:51.043 INFO  o.a.c.c.C.[Tomcat-3].[localhost].[/] - Initializing Spring DispatcherServlet 'dispatcherServlet'
2026-06-04 21:53:51.044 INFO  o.s.web.servlet.DispatcherServlet - Initializing Servlet 'dispatcherServlet'
2026-06-04 21:53:51.047 INFO  o.s.web.servlet.DispatcherServlet - Completed initialization in 3 ms
2026-06-04 21:53:51.065 INFO  com.zaxxer.hikari.HikariDataSource - HikariPool-11 - Starting...
2026-06-04 21:53:51.097 INFO  com.zaxxer.hikari.pool.HikariPool - HikariPool-11 - Added connection com.mysql.cj.jdbc.ConnectionImpl@2bbec192
2026-06-04 21:53:51.097 INFO  com.zaxxer.hikari.HikariDataSource - HikariPool-11 - Start completed.
2026-06-04 21:55:13.911 INFO  o.s.b.d.a.LocalDevToolsAutoConfiguration$RestartingClassPathChangeChangedEventListener - Restarting due to 1 class path change (0 additions, 0 deletions, 1 modification)
2026-06-04 21:55:13.915 INFO  o.s.boot.tomcat.GracefulShutdown - Commencing graceful shutdown. Waiting for active requests to complete
2026-06-04 21:55:13.916 INFO  o.a.coyote.http11.Http11NioProtocol - Pausing ProtocolHandler ["http-nio-8085"]
2026-06-04 21:55:13.927 INFO  o.s.boot.tomcat.GracefulShutdown - Graceful shutdown complete
2026-06-04 21:55:13.928 INFO  o.a.coyote.http11.Http11NioProtocol - Stopping ProtocolHandler ["http-nio-8085"]
2026-06-04 21:55:13.932 INFO  com.zaxxer.hikari.HikariDataSource - HikariPool-11 - Shutdown initiated...
2026-06-04 21:55:13.946 INFO  com.zaxxer.hikari.HikariDataSource - HikariPool-11 - Shutdown completed.
2026-06-04 21:55:14.061 INFO  a.d.s.SpringProject14aprelApplication - Starting SpringProject14aprelApplication using Java 21.0.8 with PID 37180 (C:\Github\14Aprel_group\codes\spring\spring-project-14aprel\target\classes started by User in C:\Github\14Aprel_group\codes\spring\spring-project-14aprel)
2026-06-04 21:55:14.062 INFO  a.d.s.SpringProject14aprelApplication - No active profile set, falling back to 1 default profile: "default"
2026-06-04 21:55:14.239 INFO  o.s.boot.tomcat.TomcatWebServer - Tomcat initialized with port 8085 (http)
2026-06-04 21:55:14.240 INFO  o.a.coyote.http11.Http11NioProtocol - Initializing ProtocolHandler ["http-nio-8085"]
