2026-06-04 16:43:53.174 INFO  o.s.web.servlet.DispatcherServlet - Completed initialization in 2 ms
2026-06-04 16:44:07.533 INFO  com.zaxxer.hikari.HikariDataSource - HikariPool-3 - Starting...
2026-06-04 16:44:07.573 INFO  com.zaxxer.hikari.pool.HikariPool - HikariPool-3 - Added connection com.mysql.cj.jdbc.ConnectionImpl@6a608950
2026-06-04 16:44:07.573 INFO  com.zaxxer.hikari.HikariDataSource - HikariPool-3 - Start completed.
2026-06-04 16:52:43.435 WARN  com.zaxxer.hikari.pool.HikariPool - HikariPool-3 - Thread starvation or clock leap detected (housekeeper delta=1m5s623ms564µs600ns).
2026-06-04 17:18:49.340 INFO  o.s.b.d.a.LocalDevToolsAutoConfiguration$RestartingClassPathChangeChangedEventListener - Restarting due to 1 class path change (0 additions, 0 deletions, 1 modification)
2026-06-04 17:18:49.362 INFO  o.s.boot.tomcat.GracefulShutdown - Commencing graceful shutdown. Waiting for active requests to complete
2026-06-04 17:18:49.366 INFO  o.a.coyote.http11.Http11NioProtocol - Pausing ProtocolHandler ["http-nio-8085"]
2026-06-04 17:18:49.384 INFO  o.s.boot.tomcat.GracefulShutdown - Graceful shutdown complete
2026-06-04 17:18:49.386 INFO  o.a.coyote.http11.Http11NioProtocol - Stopping ProtocolHandler ["http-nio-8085"]
2026-06-04 17:18:49.398 INFO  com.zaxxer.hikari.HikariDataSource - HikariPool-3 - Shutdown initiated...
2026-06-04 17:18:49.410 INFO  com.zaxxer.hikari.HikariDataSource - HikariPool-3 - Shutdown completed.
2026-06-04 17:18:49.649 INFO  a.d.s.SpringProject14aprelApplication - Starting SpringProject14aprelApplication using Java 21.0.8 with PID 35784 (C:\Github\14Aprel_group\codes\spring\spring-project-14aprel\target\classes started by User in C:\Github\14Aprel_group\codes\spring\spring-project-14aprel)
2026-06-04 17:18:49.649 INFO  a.d.s.SpringProject14aprelApplication - No active profile set, falling back to 1 default profile: "default"
2026-06-04 17:18:49.832 INFO  o.s.boot.tomcat.TomcatWebServer - Tomcat initialized with port 8085 (http)
2026-06-04 17:18:49.833 INFO  o.a.coyote.http11.Http11NioProtocol - Initializing ProtocolHandler ["http-nio-8085"]
2026-06-04 17:18:49.834 INFO  o.a.catalina.core.StandardService - Starting service [Tomcat]
2026-06-04 17:18:49.834 INFO  o.a.catalina.core.StandardEngine - Starting Servlet engine: [Apache Tomcat/11.0.21]
2026-06-04 17:18:49.860 INFO  o.s.b.w.c.s.WebApplicationContextInitializer - Root WebApplicationContext: initialization completed in 208 ms
2026-06-04 17:18:49.960 INFO  o.a.coyote.http11.Http11NioProtocol - Starting ProtocolHandler ["http-nio-8085"]
2026-06-04 17:18:49.971 INFO  o.s.boot.tomcat.TomcatWebServer - Tomcat started on port 8085 (http) with context path '/'
2026-06-04 17:18:49.973 INFO  a.d.s.SpringProject14aprelApplication - Started SpringProject14aprelApplication in 0.368 seconds (process running for 2664.802)
2026-06-04 17:18:49.973 INFO  o.s.b.d.a.ConditionEvaluationDeltaLoggingListener - Condition evaluation unchanged
2026-06-04 17:18:49.974 INFO  a.d.s.config.LogDemo - Sistem melumatlari ucun logging
2026-06-04 17:18:49.974 WARN  a.d.s.config.LogDemo - Xeberadarliq mesajlari ucun logging
2026-06-04 17:18:49.974 ERROR a.d.s.config.LogDemo - Kritik mesajlar ucun logging
2026-06-04 17:19:11.680 INFO  o.a.c.c.C.[Tomcat-1].[localhost].[/] - Initializing Spring DispatcherServlet 'dispatcherServlet'
2026-06-04 17:19:11.682 INFO  o.s.web.servlet.DispatcherServlet - Initializing Servlet 'dispatcherServlet'
2026-06-04 17:19:11.684 INFO  o.s.web.servlet.DispatcherServlet - Completed initialization in 2 ms
2026-06-04 17:19:11.713 INFO  com.zaxxer.hikari.HikariDataSource - HikariPool-4 - Starting...
2026-06-04 17:19:11.768 INFO  com.zaxxer.hikari.pool.HikariPool - HikariPool-4 - Added connection com.mysql.cj.jdbc.ConnectionImpl@34058cce
2026-06-04 17:19:11.768 INFO  com.zaxxer.hikari.HikariDataSource - HikariPool-4 - Start completed.
2026-06-04 17:20:43.491 INFO  o.s.b.d.a.LocalDevToolsAutoConfiguration$RestartingClassPathChangeChangedEventListener - Restarting due to 1 class path change (0 additions, 0 deletions, 1 modification)
2026-06-04 17:20:43.494 INFO  o.s.boot.tomcat.GracefulShutdown - Commencing graceful shutdown. Waiting for active requests to complete
2026-06-04 17:20:43.494 INFO  o.a.coyote.http11.Http11NioProtocol - Pausing ProtocolHandler ["http-nio-8085"]
2026-06-04 17:20:43.507 INFO  o.s.boot.tomcat.GracefulShutdown - Graceful shutdown complete
2026-06-04 17:20:43.508 INFO  o.a.coyote.http11.Http11NioProtocol - Stopping ProtocolHandler ["http-nio-8085"]
2026-06-04 17:20:43.512 INFO  com.zaxxer.hikari.HikariDataSource - HikariPool-4 - Shutdown initiated...
2026-06-04 17:20:43.523 INFO  com.zaxxer.hikari.HikariDataSource - HikariPool-4 - Shutdown completed.
2026-06-04 17:20:43.669 INFO  a.d.s.SpringProject14aprelApplication - Starting SpringProject14aprelApplication using Java 21.0.8 with PID 35784 (C:\Github\14Aprel_group\codes\spring\spring-project-14aprel\target\classes started by User in C:\Github\14Aprel_group\codes\spring\spring-project-14aprel)
2026-06-04 17:20:43.670 INFO  a.d.s.SpringProject14aprelApplication - No active profile set, falling back to 1 default profile: "default"
2026-06-04 17:20:43.924 INFO  o.s.boot.tomcat.TomcatWebServer - Tomcat initialized with port 8085 (http)
2026-06-04 17:20:43.926 INFO  o.a.coyote.http11.Http11NioProtocol - Initializing ProtocolHandler ["http-nio-8085"]
2026-06-04 17:20:43.927 INFO  o.a.catalina.core.StandardService - Starting service [Tomcat]
2026-06-04 17:20:43.927 INFO  o.a.catalina.core.StandardEngine - Starting Servlet engine: [Apache Tomcat/11.0.21]
2026-06-04 17:20:43.944 INFO  o.s.b.w.c.s.WebApplicationContextInitializer - Root WebApplicationContext: initialization completed in 272 ms
2026-06-04 17:20:44.023 INFO  o.a.coyote.http11.Http11NioProtocol - Starting ProtocolHandler ["http-nio-8085"]
2026-06-04 17:20:44.032 INFO  o.s.boot.tomcat.TomcatWebServer - Tomcat started on port 8085 (http) with context path '/'
2026-06-04 17:20:44.034 INFO  a.d.s.SpringProject14aprelApplication - Started SpringProject14aprelApplication in 0.406 seconds (process running for 2778.864)
2026-06-04 17:20:44.036 INFO  o.s.b.d.a.ConditionEvaluationDeltaLoggingListener - Condition evaluation unchanged
2026-06-04 17:20:44.036 INFO  a.d.s.config.LogDemo - Sistem melumatlari ucun logging
2026-06-04 17:20:44.036 WARN  a.d.s.config.LogDemo - Xeberadarliq mesajlari ucun logging
2026-06-04 17:20:44.036 ERROR a.d.s.config.LogDemo - Kritik mesajlar ucun logging
2026-06-04 17:20:50.344 INFO  o.a.c.c.C.[Tomcat-1].[localhost].[/] - Initializing Spring DispatcherServlet 'dispatcherServlet'
2026-06-04 17:20:50.345 INFO  o.s.web.servlet.DispatcherServlet - Initializing Servlet 'dispatcherServlet'
2026-06-04 17:20:50.345 INFO  o.s.web.servlet.DispatcherServlet - Completed initialization in 0 ms
2026-06-04 17:20:50.354 INFO  com.zaxxer.hikari.HikariDataSource - HikariPool-5 - Starting...
2026-06-04 17:20:50.388 INFO  com.zaxxer.hikari.pool.HikariPool - HikariPool-5 - Added connection com.mysql.cj.jdbc.ConnectionImpl@65d64d79
2026-06-04 17:20:50.390 INFO  com.zaxxer.hikari.HikariDataSource - HikariPool-5 - Start completed.
2026-06-04 17:22:42.673 INFO  o.s.b.d.a.LocalDevToolsAutoConfiguration$RestartingClassPathChangeChangedEventListener - Restarting due to 1 class path change (0 additions, 0 deletions, 1 modification)
2026-06-04 17:22:42.688 INFO  o.s.boot.tomcat.GracefulShutdown - Commencing graceful shutdown. Waiting for active requests to complete
2026-06-04 17:22:42.690 INFO  o.a.coyote.http11.Http11NioProtocol - Pausing ProtocolHandler ["http-nio-8085"]
2026-06-04 17:22:42.698 INFO  o.s.boot.tomcat.GracefulShutdown - Graceful shutdown complete
2026-06-04 17:22:42.699 INFO  o.a.coyote.http11.Http11NioProtocol - Stopping ProtocolHandler ["http-nio-8085"]
2026-06-04 17:22:42.702 INFO  com.zaxxer.hikari.HikariDataSource - HikariPool-5 - Shutdown initiated...
2026-06-04 17:22:42.711 INFO  com.zaxxer.hikari.HikariDataSource - HikariPool-5 - Shutdown completed.
2026-06-04 17:22:42.825 INFO  a.d.s.SpringProject14aprelApplication - Starting SpringProject14aprelApplication using Java 21.0.8 with PID 35784 (C:\Github\14Aprel_group\codes\spring\spring-project-14aprel\target\classes started by User in C:\Github\14Aprel_group\codes\spring\spring-project-14aprel)
2026-06-04 17:22:42.825 INFO  a.d.s.SpringProject14aprelApplication - No active profile set, falling back to 1 default profile: "default"
2026-06-04 17:22:42.995 INFO  o.s.boot.tomcat.TomcatWebServer - Tomcat initialized with port 8085 (http)
2026-06-04 17:22:42.996 INFO  o.a.coyote.http11.Http11NioProtocol - Initializing ProtocolHandler ["http-nio-8085"]
2026-06-04 17:22:42.996 INFO  o.a.catalina.core.StandardService - Starting service [Tomcat]
2026-06-04 17:22:42.996 INFO  o.a.catalina.core.StandardEngine - Starting Servlet engine: [Apache Tomcat/11.0.21]
2026-06-04 17:22:43.012 INFO  o.s.b.w.c.s.WebApplicationContextInitializer - Root WebApplicationContext: initialization completed in 184 ms
2026-06-04 17:22:43.078 INFO  o.a.coyote.http11.Http11NioProtocol - Starting ProtocolHandler ["http-nio-8085"]
2026-06-04 17:22:43.083 INFO  o.s.boot.tomcat.TomcatWebServer - Tomcat started on port 8085 (http) with context path '/'
2026-06-04 17:22:43.089 INFO  a.d.s.SpringProject14aprelApplication - Started SpringProject14aprelApplication in 0.297 seconds (process running for 2897.918)
2026-06-04 17:22:43.089 INFO  o.s.b.d.a.ConditionEvaluationDeltaLoggingListener - Condition evaluation unchanged
2026-06-04 17:22:43.090 INFO  a.d.s.config.LogDemo - Sistem melumatlari ucun logging
2026-06-04 17:22:43.090 WARN  a.d.s.config.LogDemo - Xeberadarliq mesajlari ucun logging
2026-06-04 17:22:43.090 ERROR a.d.s.config.LogDemo - Kritik mesajlar ucun logging
2026-06-04 17:22:50.623 INFO  o.a.c.c.C.[Tomcat-1].[localhost].[/] - Initializing Spring DispatcherServlet 'dispatcherServlet'
2026-06-04 17:22:50.623 INFO  o.s.web.servlet.DispatcherServlet - Initializing Servlet 'dispatcherServlet'
2026-06-04 17:22:50.623 INFO  o.s.web.servlet.DispatcherServlet - Completed initialization in 0 ms
2026-06-04 17:22:50.633 INFO  com.zaxxer.hikari.HikariDataSource - HikariPool-6 - Starting...
