2026-07-23 21:23:36.557 INFO  org.hibernate.orm.core - HHH000489: No JTA platform available (set 'hibernate.transaction.jta.platform' to enable JTA platform integration)
2026-07-23 21:23:36.577 INFO  o.s.o.j.LocalContainerEntityManagerFactoryBean - Initialized JPA EntityManagerFactory for persistence unit 'default'
2026-07-23 21:23:36.799 WARN  o.s.b.j.a.JpaBaseConfiguration$JpaWebConfiguration - spring.jpa.open-in-view is enabled by default. Therefore, database queries may be performed during view rendering. Explicitly configure spring.jpa.open-in-view to disable this warning
2026-07-23 21:23:36.960 INFO  o.s.b.h.a.H2ConsoleAutoConfiguration - H2 console available at '/h2-console'. Database available at 'jdbc:h2:mem:test'
2026-07-23 21:23:36.975 INFO  o.a.coyote.http11.Http11NioProtocol - Starting ProtocolHandler ["http-nio-8085"]
2026-07-23 21:23:36.980 INFO  o.s.boot.tomcat.TomcatWebServer - Tomcat started on port 8085 (http) with context path '/'
2026-07-23 21:23:36.983 INFO  a.d.s.SpringProject14aprelApplication - Started SpringProject14aprelApplication in 1.399 seconds (process running for 181.7)
2026-07-23 21:23:36.984 INFO  o.s.b.d.a.ConditionEvaluationDeltaLoggingListener - Condition evaluation unchanged
2026-07-23 21:23:36.986 INFO  a.d.s.config.LogDemo - Sistem melumatlari ucun logging
2026-07-23 21:23:36.986 WARN  a.d.s.config.LogDemo - Xeberadarliq mesajlari ucun logging
2026-07-23 21:23:36.986 ERROR a.d.s.config.LogDemo - Kritik mesajlar ucun logging
2026-07-23 21:23:39.293 INFO  o.a.c.c.C.[Tomcat].[localhost].[/] - Initializing Spring DispatcherServlet 'dispatcherServlet'
2026-07-23 21:23:39.293 INFO  o.s.web.servlet.DispatcherServlet - Initializing Servlet 'dispatcherServlet'
2026-07-23 21:23:39.296 INFO  o.s.web.servlet.DispatcherServlet - Completed initialization in 3 ms
2026-07-23 21:23:39.325 WARN  o.s.w.s.m.s.DefaultHandlerExceptionResolver - Resolved [org.springframework.web.bind.MethodArgumentNotValidException: Validation failed for argument [0] in public void az.developia.spring_project_14aprel.controller.UserController.addUser(az.developia.spring_project_14aprel.requestDto.UserRequestDto): [Field error in object 'userRequestDto' on field 'firstName': rejected value [ ]; codes [NotBlank.userRequestDto.firstName,NotBlank.firstName,NotBlank.java.lang.String,NotBlank]; arguments [org.springframework.context.support.DefaultMessageSourceResolvable: codes [userRequestDto.firstName,firstName]; arguments []; default message [firstName]]; default message [ad bos ola bilmez]] ]
2026-07-23 21:25:44.559 INFO  o.s.b.d.a.LocalDevToolsAutoConfiguration$RestartingClassPathChangeChangedEventListener - Restarting due to 1 class path change (0 additions, 0 deletions, 1 modification)
2026-07-23 21:25:44.562 INFO  o.s.boot.tomcat.GracefulShutdown - Commencing graceful shutdown. Waiting for active requests to complete
2026-07-23 21:25:44.563 INFO  o.a.coyote.http11.Http11NioProtocol - Pausing ProtocolHandler ["http-nio-8085"]
2026-07-23 21:25:44.577 INFO  o.s.boot.tomcat.GracefulShutdown - Graceful shutdown complete
2026-07-23 21:25:44.577 INFO  o.a.coyote.http11.Http11NioProtocol - Stopping ProtocolHandler ["http-nio-8085"]
2026-07-23 21:25:44.581 INFO  o.s.o.j.LocalContainerEntityManagerFactoryBean - Closing JPA EntityManagerFactory for persistence unit 'default'
2026-07-23 21:25:44.582 WARN  o.s.b.f.s.DisposableBeanAdapter - Invocation of destroy method failed on bean with name 'inMemoryDatabaseShutdownExecutor': org.h2.jdbc.JdbcSQLNonTransientConnectionException: Database is already closed (to disable automatic closing at VM shutdown, add ";DB_CLOSE_ON_EXIT=FALSE" to the db URL) [90121-240]
2026-07-23 21:25:44.583 INFO  com.zaxxer.hikari.HikariDataSource - HikariPool-4 - Shutdown initiated...
2026-07-23 21:25:44.584 INFO  com.zaxxer.hikari.HikariDataSource - HikariPool-4 - Shutdown completed.
2026-07-23 21:25:44.742 INFO  a.d.s.SpringProject14aprelApplication - Starting SpringProject14aprelApplication using Java 21.0.8 with PID 31876 (C:\Github\14Aprel_group\codes\spring\spring-project-14aprel\target\classes started by User in C:\Github\14Aprel_group\codes\spring\spring-project-14aprel)
2026-07-23 21:25:44.742 INFO  a.d.s.SpringProject14aprelApplication - No active profile set, falling back to 1 default profile: "default"
2026-07-23 21:25:45.032 INFO  o.s.d.r.c.RepositoryConfigurationDelegate - Multiple Spring Data modules found, entering strict repository configuration mode
2026-07-23 21:25:45.032 INFO  o.s.d.r.c.RepositoryConfigurationDelegate - Bootstrapping Spring Data JPA repositories in DEFAULT mode.
2026-07-23 21:25:45.062 INFO  o.s.d.r.c.RepositoryConfigurationDelegate - Finished Spring Data repository scanning in 27 ms. Found 2 JPA repository interfaces.
2026-07-23 21:25:45.069 INFO  o.s.d.r.c.RepositoryConfigurationDelegate - Multiple Spring Data modules found, entering strict repository configuration mode
2026-07-23 21:25:45.071 INFO  o.s.d.r.c.RepositoryConfigurationDelegate - Bootstrapping Spring Data Redis repositories in DEFAULT mode.
2026-07-23 21:25:45.080 INFO  o.s.d.r.c.RepositoryConfigurationExtensionSupport - Spring Data Redis - Could not safely identify store assignment for repository candidate interface az.developia.spring_project_14aprel.repository.BookRepo; If you want this repository to be a Redis repository, consider annotating your entities with one of these annotations: org.springframework.data.redis.core.RedisHash (preferred), or consider extending one of the following types with your repository: org.springframework.data.keyvalue.repository.KeyValueRepository
2026-07-23 21:25:45.080 INFO  o.s.d.r.c.RepositoryConfigurationExtensionSupport - Spring Data Redis - Could not safely identify store assignment for repository candidate interface az.developia.spring_project_14aprel.repository.UserRepository; If you want this repository to be a Redis repository, consider annotating your entities with one of these annotations: org.springframework.data.redis.core.RedisHash (preferred), or consider extending one of the following types with your repository: org.springframework.data.keyvalue.repository.KeyValueRepository
2026-07-23 21:25:45.080 INFO  o.s.d.r.c.RepositoryConfigurationDelegate - Finished Spring Data repository scanning in 7 ms. Found 0 Redis repository interfaces.
2026-07-23 21:25:45.272 INFO  o.s.boot.tomcat.TomcatWebServer - Tomcat initialized with port 8085 (http)
2026-07-23 21:25:45.272 INFO  o.a.coyote.http11.Http11NioProtocol - Initializing ProtocolHandler ["http-nio-8085"]
2026-07-23 21:25:45.273 INFO  o.a.catalina.core.StandardService - Starting service [Tomcat]
2026-07-23 21:25:45.274 INFO  o.a.catalina.core.StandardEngine - Starting Servlet engine: [Apache Tomcat/11.0.21]
2026-07-23 21:25:45.332 INFO  o.s.b.w.c.s.WebApplicationContextInitializer - Root WebApplicationContext: initialization completed in 585 ms
2026-07-23 21:25:45.435 INFO  org.hibernate.orm.jpa - HHH008540: Processing PersistenceUnitInfo [name: default]
2026-07-23 21:25:45.482 INFO  o.s.o.j.p.SpringPersistenceUnitInfo - No LoadTimeWeaver setup: ignoring JPA class transformer
2026-07-23 21:25:45.484 INFO  com.zaxxer.hikari.HikariDataSource - HikariPool-5 - Starting...
2026-07-23 21:25:45.489 INFO  com.zaxxer.hikari.pool.HikariPool - HikariPool-5 - Added connection conn40: url=jdbc:h2:mem:test user=ROOT
2026-07-23 21:25:45.489 INFO  com.zaxxer.hikari.HikariDataSource - HikariPool-5 - Start completed.
2026-07-23 21:25:45.490 INFO  o.hibernate.orm.connections.pooling - HHH10001005: Database info:
	Database JDBC URL [jdbc:h2:mem:test]
	Database driver: H2 JDBC Driver
	Database dialect: H2Dialect
	Database version: 2.4.240
	Default catalog/schema: TEST/PUBLIC
	Autocommit mode: undefined/unknown
	Isolation level: READ_COMMITTED [default READ_COMMITTED]
	JDBC fetch size: 100
	Pool: DataSourceConnectionProvider
	Minimum pool size: undefined/unknown
	Maximum pool size: undefined/unknown
2026-07-23 21:25:45.646 INFO  org.hibernate.orm.core - HHH000489: No JTA platform available (set 'hibernate.transaction.jta.platform' to enable JTA platform integration)
2026-07-23 21:25:45.665 INFO  o.s.o.j.LocalContainerEntityManagerFactoryBean - Initialized JPA EntityManagerFactory for persistence unit 'default'
2026-07-23 21:25:45.852 WARN  o.s.b.j.a.JpaBaseConfiguration$JpaWebConfiguration - spring.jpa.open-in-view is enabled by default. Therefore, database queries may be performed during view rendering. Explicitly configure spring.jpa.open-in-view to disable this warning
2026-07-23 21:25:45.952 INFO  o.s.b.h.a.H2ConsoleAutoConfiguration - H2 console available at '/h2-console'. Database available at 'jdbc:h2:mem:test'
2026-07-23 21:25:45.983 INFO  o.a.coyote.http11.Http11NioProtocol - Starting ProtocolHandler ["http-nio-8085"]
2026-07-23 21:25:45.990 INFO  o.s.boot.tomcat.TomcatWebServer - Tomcat started on port 8085 (http) with context path '/'
2026-07-23 21:25:45.997 INFO  a.d.s.SpringProject14aprelApplication - Started SpringProject14aprelApplication in 1.307 seconds (process running for 310.714)
2026-07-23 21:25:45.998 INFO  o.s.b.d.a.ConditionEvaluationDeltaLoggingListener - Condition evaluation unchanged
2026-07-23 21:25:45.999 INFO  a.d.s.config.LogDemo - Sistem melumatlari ucun logging
2026-07-23 21:25:45.999 WARN  a.d.s.config.LogDemo - Xeberadarliq mesajlari ucun logging
2026-07-23 21:25:45.999 ERROR a.d.s.config.LogDemo - Kritik mesajlar ucun logging
2026-07-23 21:26:03.662 INFO  o.a.c.c.C.[Tomcat].[localhost].[/] - Initializing Spring DispatcherServlet 'dispatcherServlet'
2026-07-23 21:26:03.662 INFO  o.s.web.servlet.DispatcherServlet - Initializing Servlet 'dispatcherServlet'
2026-07-23 21:26:03.668 INFO  o.s.web.servlet.DispatcherServlet - Completed initialization in 6 ms
2026-07-23 21:26:03.697 WARN  o.s.w.s.m.s.DefaultHandlerExceptionResolver - Resolved [org.springframework.web.bind.MethodArgumentNotValidException: Validation failed for argument [0] in public void az.developia.spring_project_14aprel.controller.UserController.addUser(az.developia.spring_project_14aprel.requestDto.UserRequestDto): [Field error in object 'userRequestDto' on field 'firstName': rejected value [A]; codes [Size.userRequestDto.firstName,Size.firstName,Size.java.lang.String,Size]; arguments [org.springframework.context.support.DefaultMessageSourceResolvable: codes [userRequestDto.firstName,firstName]; arguments []; default message [firstName],20,3]; default message [Ad min 3, max 20 ola biler]] ]
