2026-06-14 07:40:24.462 INFO  o.s.boot.tomcat.GracefulShutdown - Commencing graceful shutdown. Waiting for active requests to complete
2026-06-14 07:40:24.468 INFO  o.a.coyote.http11.Http11NioProtocol - Pausing ProtocolHandler ["http-nio-8085"]
2026-06-14 07:40:24.482 INFO  o.s.boot.tomcat.GracefulShutdown - Graceful shutdown complete
2026-06-14 07:40:24.483 INFO  o.a.coyote.http11.Http11NioProtocol - Stopping ProtocolHandler ["http-nio-8085"]
2026-06-14 07:40:24.599 INFO  a.d.s.SpringProject14aprelApplication - Starting SpringProject14aprelApplication using Java 21.0.8 with PID 4004 (C:\Github\14Aprel_group\codes\spring\spring-project-14aprel\target\classes started by User in C:\Github\14Aprel_group\codes\spring\spring-project-14aprel)
2026-06-14 07:40:24.601 INFO  a.d.s.SpringProject14aprelApplication - No active profile set, falling back to 1 default profile: "default"
2026-06-14 07:40:24.913 INFO  o.s.boot.tomcat.TomcatWebServer - Tomcat initialized with port 8085 (http)
2026-06-14 07:40:24.915 INFO  o.a.coyote.http11.Http11NioProtocol - Initializing ProtocolHandler ["http-nio-8085"]
2026-06-14 07:40:24.917 INFO  o.a.catalina.core.StandardService - Starting service [Tomcat]
2026-06-14 07:40:24.918 INFO  o.a.catalina.core.StandardEngine - Starting Servlet engine: [Apache Tomcat/11.0.21]
2026-06-14 07:40:24.949 INFO  o.s.b.w.c.s.WebApplicationContextInitializer - Root WebApplicationContext: initialization completed in 342 ms
2026-06-14 07:40:25.163 INFO  o.a.coyote.http11.Http11NioProtocol - Starting ProtocolHandler ["http-nio-8085"]
2026-06-14 07:40:25.179 INFO  o.s.boot.tomcat.TomcatWebServer - Tomcat started on port 8085 (http) with context path '/'
2026-06-14 07:40:25.184 INFO  a.d.s.SpringProject14aprelApplication - Started SpringProject14aprelApplication in 0.638 seconds (process running for 2179.696)
2026-06-14 07:40:25.189 INFO  o.s.b.d.a.ConditionEvaluationDeltaLoggingListener - Condition evaluation unchanged
2026-06-14 07:40:25.191 INFO  a.d.s.config.LogDemo - Sistem melumatlari ucun logging
2026-06-14 07:40:25.192 WARN  a.d.s.config.LogDemo - Xeberadarliq mesajlari ucun logging
2026-06-14 07:40:25.192 ERROR a.d.s.config.LogDemo - Kritik mesajlar ucun logging
2026-06-14 07:40:32.704 INFO  o.a.c.c.C.[Tomcat].[localhost].[/] - Initializing Spring DispatcherServlet 'dispatcherServlet'
2026-06-14 07:40:32.712 INFO  o.s.web.servlet.DispatcherServlet - Initializing Servlet 'dispatcherServlet'
2026-06-14 07:40:32.720 INFO  o.s.web.servlet.DispatcherServlet - Completed initialization in 8 ms
2026-06-14 07:40:32.736 INFO  com.zaxxer.hikari.HikariDataSource - HikariPool-2 - Starting...
2026-06-14 07:40:33.024 INFO  com.zaxxer.hikari.pool.HikariPool - HikariPool-2 - Added connection com.mysql.cj.jdbc.ConnectionImpl@78779e45
2026-06-14 07:40:33.026 INFO  com.zaxxer.hikari.HikariDataSource - HikariPool-2 - Start completed.
2026-06-14 08:55:46.806 INFO  o.s.b.d.a.LocalDevToolsAutoConfiguration$RestartingClassPathChangeChangedEventListener - Restarting due to 3 class path changes (0 additions, 0 deletions, 3 modifications)
2026-06-14 08:55:46.823 INFO  o.s.boot.tomcat.GracefulShutdown - Commencing graceful shutdown. Waiting for active requests to complete
2026-06-14 08:55:46.828 INFO  o.a.coyote.http11.Http11NioProtocol - Pausing ProtocolHandler ["http-nio-8085"]
2026-06-14 08:55:46.839 INFO  o.s.boot.tomcat.GracefulShutdown - Graceful shutdown complete
2026-06-14 08:55:46.840 INFO  o.a.coyote.http11.Http11NioProtocol - Stopping ProtocolHandler ["http-nio-8085"]
2026-06-14 08:55:46.849 INFO  com.zaxxer.hikari.HikariDataSource - HikariPool-2 - Shutdown initiated...
2026-06-14 08:55:46.863 INFO  com.zaxxer.hikari.HikariDataSource - HikariPool-2 - Shutdown completed.
2026-06-14 08:55:47.034 INFO  a.d.s.SpringProject14aprelApplication - Starting SpringProject14aprelApplication using Java 21.0.8 with PID 4004 (C:\Github\14Aprel_group\codes\spring\spring-project-14aprel\target\classes started by User in C:\Github\14Aprel_group\codes\spring\spring-project-14aprel)
2026-06-14 08:55:47.034 INFO  a.d.s.SpringProject14aprelApplication - No active profile set, falling back to 1 default profile: "default"
2026-06-14 08:55:47.290 INFO  o.s.boot.tomcat.TomcatWebServer - Tomcat initialized with port 8085 (http)
2026-06-14 08:55:47.292 INFO  o.a.coyote.http11.Http11NioProtocol - Initializing ProtocolHandler ["http-nio-8085"]
2026-06-14 08:55:47.292 INFO  o.a.catalina.core.StandardService - Starting service [Tomcat]
2026-06-14 08:55:47.292 INFO  o.a.catalina.core.StandardEngine - Starting Servlet engine: [Apache Tomcat/11.0.21]
2026-06-14 08:55:47.310 INFO  o.s.b.w.c.s.WebApplicationContextInitializer - Root WebApplicationContext: initialization completed in 272 ms
2026-06-14 08:55:47.414 INFO  o.a.coyote.http11.Http11NioProtocol - Starting ProtocolHandler ["http-nio-8085"]
2026-06-14 08:55:47.422 INFO  o.s.boot.tomcat.TomcatWebServer - Tomcat started on port 8085 (http) with context path '/'
2026-06-14 08:55:47.428 INFO  a.d.s.SpringProject14aprelApplication - Started SpringProject14aprelApplication in 0.437 seconds (process running for 6701.94)
2026-06-14 08:55:47.429 INFO  o.s.b.d.a.ConditionEvaluationDeltaLoggingListener - Condition evaluation unchanged
2026-06-14 08:55:47.430 INFO  a.d.s.config.LogDemo - Sistem melumatlari ucun logging
2026-06-14 08:55:47.431 WARN  a.d.s.config.LogDemo - Xeberadarliq mesajlari ucun logging
2026-06-14 08:55:47.431 ERROR a.d.s.config.LogDemo - Kritik mesajlar ucun logging
2026-06-14 08:56:10.424 INFO  o.s.b.d.a.LocalDevToolsAutoConfiguration$RestartingClassPathChangeChangedEventListener - Restarting due to 1 class path change (0 additions, 0 deletions, 1 modification)
2026-06-14 08:56:10.428 INFO  o.s.boot.tomcat.GracefulShutdown - Commencing graceful shutdown. Waiting for active requests to complete
2026-06-14 08:56:10.429 INFO  o.a.coyote.http11.Http11NioProtocol - Pausing ProtocolHandler ["http-nio-8085"]
2026-06-14 08:56:10.438 INFO  o.s.boot.tomcat.GracefulShutdown - Graceful shutdown complete
2026-06-14 08:56:10.439 INFO  o.a.coyote.http11.Http11NioProtocol - Stopping ProtocolHandler ["http-nio-8085"]
2026-06-14 08:56:10.564 INFO  a.d.s.SpringProject14aprelApplication - Starting SpringProject14aprelApplication using Java 21.0.8 with PID 4004 (C:\Github\14Aprel_group\codes\spring\spring-project-14aprel\target\classes started by User in C:\Github\14Aprel_group\codes\spring\spring-project-14aprel)
2026-06-14 08:56:10.564 INFO  a.d.s.SpringProject14aprelApplication - No active profile set, falling back to 1 default profile: "default"
2026-06-14 08:56:10.811 INFO  o.s.boot.tomcat.TomcatWebServer - Tomcat initialized with port 8085 (http)
2026-06-14 08:56:10.813 INFO  o.a.coyote.http11.Http11NioProtocol - Initializing ProtocolHandler ["http-nio-8085"]
2026-06-14 08:56:10.814 INFO  o.a.catalina.core.StandardService - Starting service [Tomcat]
2026-06-14 08:56:10.814 INFO  o.a.catalina.core.StandardEngine - Starting Servlet engine: [Apache Tomcat/11.0.21]
2026-06-14 08:56:10.849 INFO  o.s.b.w.c.s.WebApplicationContextInitializer - Root WebApplicationContext: initialization completed in 281 ms
2026-06-14 08:56:11.006 INFO  o.a.coyote.http11.Http11NioProtocol - Starting ProtocolHandler ["http-nio-8085"]
2026-06-14 08:56:11.015 INFO  o.s.boot.tomcat.TomcatWebServer - Tomcat started on port 8085 (http) with context path '/'
2026-06-14 08:56:11.021 INFO  a.d.s.SpringProject14aprelApplication - Started SpringProject14aprelApplication in 0.495 seconds (process running for 6725.533)
2026-06-14 08:56:11.022 INFO  o.s.b.d.a.ConditionEvaluationDeltaLoggingListener - Condition evaluation unchanged
2026-06-14 08:56:11.023 INFO  a.d.s.config.LogDemo - Sistem melumatlari ucun logging
2026-06-14 08:56:11.023 WARN  a.d.s.config.LogDemo - Xeberadarliq mesajlari ucun logging
2026-06-14 08:56:11.023 ERROR a.d.s.config.LogDemo - Kritik mesajlar ucun logging
2026-06-14 12:15:38.719 INFO  o.s.b.d.a.LocalDevToolsAutoConfiguration$RestartingClassPathChangeChangedEventListener - Restarting due to 1 class path change (0 additions, 0 deletions, 1 modification)
2026-06-14 12:15:38.724 INFO  o.s.boot.tomcat.GracefulShutdown - Commencing graceful shutdown. Waiting for active requests to complete
2026-06-14 12:15:38.727 INFO  o.a.coyote.http11.Http11NioProtocol - Pausing ProtocolHandler ["http-nio-8085"]
2026-06-14 12:15:38.739 INFO  o.s.boot.tomcat.GracefulShutdown - Graceful shutdown complete
2026-06-14 12:15:38.740 INFO  o.a.coyote.http11.Http11NioProtocol - Stopping ProtocolHandler ["http-nio-8085"]
2026-06-14 12:15:38.938 INFO  a.d.s.SpringProject14aprelApplication - Starting SpringProject14aprelApplication using Java 21.0.8 with PID 4004 (C:\Github\14Aprel_group\codes\spring\spring-project-14aprel\target\classes started by User in C:\Github\14Aprel_group\codes\spring\spring-project-14aprel)
2026-06-14 12:15:38.939 INFO  a.d.s.SpringProject14aprelApplication - No active profile set, falling back to 1 default profile: "default"
2026-06-14 12:15:39.236 INFO  o.s.boot.tomcat.TomcatWebServer - Tomcat initialized with port 8085 (http)
2026-06-14 12:15:39.237 INFO  o.a.coyote.http11.Http11NioProtocol - Initializing ProtocolHandler ["http-nio-8085"]
2026-06-14 12:15:39.237 INFO  o.a.catalina.core.StandardService - Starting service [Tomcat]
2026-06-14 12:15:39.238 INFO  o.a.catalina.core.StandardEngine - Starting Servlet engine: [Apache Tomcat/11.0.21]
2026-06-14 12:15:39.257 INFO  o.s.b.w.c.s.WebApplicationContextInitializer - Root WebApplicationContext: initialization completed in 314 ms
2026-06-14 12:15:39.375 INFO  o.a.coyote.http11.Http11NioProtocol - Starting ProtocolHandler ["http-nio-8085"]
2026-06-14 12:15:39.384 INFO  o.s.boot.tomcat.TomcatWebServer - Tomcat started on port 8085 (http) with context path '/'
2026-06-14 12:15:39.389 INFO  a.d.s.SpringProject14aprelApplication - Started SpringProject14aprelApplication in 0.507 seconds (process running for 18693.902)
2026-06-14 12:15:39.392 INFO  o.s.b.d.a.ConditionEvaluationDeltaLoggingListener - Condition evaluation unchanged
2026-06-14 12:15:39.393 INFO  a.d.s.config.LogDemo - Sistem melumatlari ucun logging
2026-06-14 12:15:39.393 WARN  a.d.s.config.LogDemo - Xeberadarliq mesajlari ucun logging
