2026-07-15 21:35:18.245 INFO  a.d.s.SpringProject14aprelApplication - Starting SpringProject14aprelApplication using Java 21.0.8 with PID 12368 (C:\Github\14Aprel_group\codes\spring\spring-project-14aprel\target\classes started by User in C:\Github\14Aprel_group\codes\spring\spring-project-14aprel)
2026-07-15 21:35:18.246 INFO  a.d.s.SpringProject14aprelApplication - No active profile set, falling back to 1 default profile: "default"
2026-07-15 21:35:18.453 INFO  o.s.d.r.c.RepositoryConfigurationDelegate - Bootstrapping Spring Data JPA repositories in DEFAULT mode.
2026-07-15 21:35:18.473 INFO  o.s.d.r.c.RepositoryConfigurationDelegate - Finished Spring Data repository scanning in 16 ms. Found 2 JPA repository interfaces.
2026-07-15 21:35:18.622 INFO  o.s.boot.tomcat.TomcatWebServer - Tomcat initialized with port 8085 (http)
2026-07-15 21:35:18.624 INFO  o.a.coyote.http11.Http11NioProtocol - Initializing ProtocolHandler ["http-nio-8085"]
2026-07-15 21:35:18.625 INFO  o.a.catalina.core.StandardService - Starting service [Tomcat]
2026-07-15 21:35:18.625 INFO  o.a.catalina.core.StandardEngine - Starting Servlet engine: [Apache Tomcat/11.0.21]
2026-07-15 21:35:18.648 INFO  o.s.b.w.c.s.WebApplicationContextInitializer - Root WebApplicationContext: initialization completed in 399 ms
2026-07-15 21:35:18.677 INFO  org.hibernate.orm.jpa - HHH008540: Processing PersistenceUnitInfo [name: default]
2026-07-15 21:35:18.709 INFO  o.s.o.j.p.SpringPersistenceUnitInfo - No LoadTimeWeaver setup: ignoring JPA class transformer
2026-07-15 21:35:18.711 INFO  com.zaxxer.hikari.HikariDataSource - HikariPool-9 - Starting...
2026-07-15 21:35:18.715 INFO  com.zaxxer.hikari.pool.HikariPool - HikariPool-9 - Added connection conn76: url=jdbc:h2:mem:test user=ROOT
2026-07-15 21:35:18.715 INFO  com.zaxxer.hikari.HikariDataSource - HikariPool-9 - Start completed.
2026-07-15 21:35:18.717 INFO  o.hibernate.orm.connections.pooling - HHH10001005: Database info:
	Database JDBC URL [jdbc:h2:mem:test]
	Database driver: H2 JDBC Driver
	Database dialect: H2Dialect
	Database version: 2.4.240
	Default catalog/schema: TEST/PUBLIC
	Autocommit mode: undefined/unknown
	Isolation level: READ_COMMITTED [default READ_COMMITTED]
	JDBC fetch size: 100
	Pool: DataSourceConnectionProvider
	Minimum pool size: undefined/unknown
	Maximum pool size: undefined/unknown
2026-07-15 21:35:18.834 INFO  org.hibernate.orm.core - HHH000489: No JTA platform available (set 'hibernate.transaction.jta.platform' to enable JTA platform integration)
2026-07-15 21:35:18.851 INFO  o.s.o.j.LocalContainerEntityManagerFactoryBean - Initialized JPA EntityManagerFactory for persistence unit 'default'
2026-07-15 21:35:18.970 WARN  o.s.b.j.a.JpaBaseConfiguration$JpaWebConfiguration - spring.jpa.open-in-view is enabled by default. Therefore, database queries may be performed during view rendering. Explicitly configure spring.jpa.open-in-view to disable this warning
2026-07-15 21:35:19.033 INFO  o.s.b.h.a.H2ConsoleAutoConfiguration - H2 console available at '/h2-console'. Database available at 'jdbc:h2:mem:test'
2026-07-15 21:35:19.047 INFO  o.a.coyote.http11.Http11NioProtocol - Starting ProtocolHandler ["http-nio-8085"]
2026-07-15 21:35:19.054 INFO  o.s.boot.tomcat.TomcatWebServer - Tomcat started on port 8085 (http) with context path '/'
2026-07-15 21:35:19.056 INFO  a.d.s.SpringProject14aprelApplication - Started SpringProject14aprelApplication in 0.851 seconds (process running for 1467.166)
2026-07-15 21:35:19.057 INFO  o.s.b.d.a.ConditionEvaluationDeltaLoggingListener - Condition evaluation unchanged
2026-07-15 21:35:19.057 INFO  a.d.s.config.LogDemo - Sistem melumatlari ucun logging
2026-07-15 21:35:19.057 WARN  a.d.s.config.LogDemo - Xeberadarliq mesajlari ucun logging
2026-07-15 21:35:19.057 ERROR a.d.s.config.LogDemo - Kritik mesajlar ucun logging
2026-07-15 21:35:26.213 INFO  o.a.c.c.C.[Tomcat-1].[localhost].[/] - Initializing Spring DispatcherServlet 'dispatcherServlet'
2026-07-15 21:35:26.213 INFO  o.s.web.servlet.DispatcherServlet - Initializing Servlet 'dispatcherServlet'
2026-07-15 21:35:26.218 INFO  o.s.web.servlet.DispatcherServlet - Completed initialization in 5 ms
