2026-06-04 17:22:50.698 INFO  com.zaxxer.hikari.pool.HikariPool - HikariPool-6 - Added connection com.mysql.cj.jdbc.ConnectionImpl@61a0573f
2026-06-04 17:22:50.704 INFO  com.zaxxer.hikari.HikariDataSource - HikariPool-6 - Start completed.
2026-06-04 17:24:30.229 INFO  o.s.b.d.a.LocalDevToolsAutoConfiguration$RestartingClassPathChangeChangedEventListener - Restarting due to 1 class path change (0 additions, 0 deletions, 1 modification)
2026-06-04 17:24:30.232 INFO  o.s.boot.tomcat.GracefulShutdown - Commencing graceful shutdown. Waiting for active requests to complete
2026-06-04 17:24:30.235 INFO  o.a.coyote.http11.Http11NioProtocol - Pausing ProtocolHandler ["http-nio-8085"]
2026-06-04 17:24:30.242 INFO  o.s.boot.tomcat.GracefulShutdown - Graceful shutdown complete
2026-06-04 17:24:30.243 INFO  o.a.coyote.http11.Http11NioProtocol - Stopping ProtocolHandler ["http-nio-8085"]
2026-06-04 17:24:30.246 INFO  com.zaxxer.hikari.HikariDataSource - HikariPool-6 - Shutdown initiated...
2026-06-04 17:24:30.255 INFO  com.zaxxer.hikari.HikariDataSource - HikariPool-6 - Shutdown completed.
2026-06-04 17:24:30.364 INFO  a.d.s.SpringProject14aprelApplication - Starting SpringProject14aprelApplication using Java 21.0.8 with PID 35784 (C:\Github\14Aprel_group\codes\spring\spring-project-14aprel\target\classes started by User in C:\Github\14Aprel_group\codes\spring\spring-project-14aprel)
2026-06-04 17:24:30.364 INFO  a.d.s.SpringProject14aprelApplication - No active profile set, falling back to 1 default profile: "default"
2026-06-04 17:24:30.547 INFO  o.s.boot.tomcat.TomcatWebServer - Tomcat initialized with port 8085 (http)
2026-06-04 17:24:30.548 INFO  o.a.coyote.http11.Http11NioProtocol - Initializing ProtocolHandler ["http-nio-8085"]
2026-06-04 17:24:30.549 INFO  o.a.catalina.core.StandardService - Starting service [Tomcat]
2026-06-04 17:24:30.549 INFO  o.a.catalina.core.StandardEngine - Starting Servlet engine: [Apache Tomcat/11.0.21]
2026-06-04 17:24:30.566 INFO  o.s.b.w.c.s.WebApplicationContextInitializer - Root WebApplicationContext: initialization completed in 199 ms
2026-06-04 17:24:30.636 INFO  o.a.coyote.http11.Http11NioProtocol - Starting ProtocolHandler ["http-nio-8085"]
2026-06-04 17:24:30.643 INFO  o.s.boot.tomcat.TomcatWebServer - Tomcat started on port 8085 (http) with context path '/'
2026-06-04 17:24:30.645 INFO  a.d.s.SpringProject14aprelApplication - Started SpringProject14aprelApplication in 0.314 seconds (process running for 3005.474)
2026-06-04 17:24:30.646 INFO  o.s.b.d.a.ConditionEvaluationDeltaLoggingListener - Condition evaluation unchanged
2026-06-04 17:24:30.647 INFO  a.d.s.config.LogDemo - Sistem melumatlari ucun logging
2026-06-04 17:24:30.647 WARN  a.d.s.config.LogDemo - Xeberadarliq mesajlari ucun logging
2026-06-04 17:24:30.647 ERROR a.d.s.config.LogDemo - Kritik mesajlar ucun logging
2026-06-04 17:24:35.526 INFO  o.a.c.c.C.[Tomcat-1].[localhost].[/] - Initializing Spring DispatcherServlet 'dispatcherServlet'
2026-06-04 17:24:35.526 INFO  o.s.web.servlet.DispatcherServlet - Initializing Servlet 'dispatcherServlet'
2026-06-04 17:24:35.534 INFO  o.s.web.servlet.DispatcherServlet - Completed initialization in 8 ms
2026-06-04 17:24:35.584 WARN  o.s.w.s.m.s.DefaultHandlerExceptionResolver - Resolved [org.springframework.web.bind.MissingServletRequestParameterException: Required request parameter 'name' for method parameter type String is not present]
2026-06-04 17:24:41.231 INFO  com.zaxxer.hikari.HikariDataSource - HikariPool-7 - Starting...
2026-06-04 17:24:41.264 INFO  com.zaxxer.hikari.pool.HikariPool - HikariPool-7 - Added connection com.mysql.cj.jdbc.ConnectionImpl@64e4af4b
2026-06-04 17:24:41.267 INFO  com.zaxxer.hikari.HikariDataSource - HikariPool-7 - Start completed.
2026-06-04 17:25:31.907 WARN  o.s.w.s.m.s.DefaultHandlerExceptionResolver - Resolved [org.springframework.web.bind.MissingServletRequestParameterException: Required request parameter 'name' for method parameter type String is not present]
2026-06-04 17:26:29.350 WARN  o.s.w.s.m.s.DefaultHandlerExceptionResolver - Resolved [org.springframework.web.bind.MissingServletRequestParameterException: Required request parameter 'name' for method parameter type String is not present]
2026-06-04 17:30:57.815 INFO  o.s.b.d.a.LocalDevToolsAutoConfiguration$RestartingClassPathChangeChangedEventListener - Restarting due to 1 class path change (0 additions, 0 deletions, 1 modification)
2026-06-04 17:30:57.818 INFO  o.s.boot.tomcat.GracefulShutdown - Commencing graceful shutdown. Waiting for active requests to complete
2026-06-04 17:30:57.819 INFO  o.a.coyote.http11.Http11NioProtocol - Pausing ProtocolHandler ["http-nio-8085"]
2026-06-04 17:30:57.838 INFO  o.s.boot.tomcat.GracefulShutdown - Graceful shutdown complete
2026-06-04 17:30:57.839 INFO  o.a.coyote.http11.Http11NioProtocol - Stopping ProtocolHandler ["http-nio-8085"]
2026-06-04 17:30:57.841 INFO  com.zaxxer.hikari.HikariDataSource - HikariPool-7 - Shutdown initiated...
2026-06-04 17:30:57.847 INFO  com.zaxxer.hikari.HikariDataSource - HikariPool-7 - Shutdown completed.
2026-06-04 17:30:57.995 INFO  a.d.s.SpringProject14aprelApplication - Starting SpringProject14aprelApplication using Java 21.0.8 with PID 35784 (C:\Github\14Aprel_group\codes\spring\spring-project-14aprel\target\classes started by User in C:\Github\14Aprel_group\codes\spring\spring-project-14aprel)
2026-06-04 17:30:57.995 INFO  a.d.s.SpringProject14aprelApplication - No active profile set, falling back to 1 default profile: "default"
2026-06-04 17:30:58.161 INFO  o.s.boot.tomcat.TomcatWebServer - Tomcat initialized with port 8085 (http)
2026-06-04 17:30:58.162 INFO  o.a.coyote.http11.Http11NioProtocol - Initializing ProtocolHandler ["http-nio-8085"]
2026-06-04 17:30:58.162 INFO  o.a.catalina.core.StandardService - Starting service [Tomcat]
2026-06-04 17:30:58.162 INFO  o.a.catalina.core.StandardEngine - Starting Servlet engine: [Apache Tomcat/11.0.21]
2026-06-04 17:30:58.178 INFO  o.s.b.w.c.s.WebApplicationContextInitializer - Root WebApplicationContext: initialization completed in 179 ms
2026-06-04 17:30:58.253 INFO  o.a.coyote.http11.Http11NioProtocol - Starting ProtocolHandler ["http-nio-8085"]
2026-06-04 17:30:58.257 INFO  o.s.boot.tomcat.TomcatWebServer - Tomcat started on port 8085 (http) with context path '/'
2026-06-04 17:30:58.259 INFO  a.d.s.SpringProject14aprelApplication - Started SpringProject14aprelApplication in 0.322 seconds (process running for 3393.089)
2026-06-04 17:30:58.260 INFO  o.s.b.d.a.ConditionEvaluationDeltaLoggingListener - Condition evaluation unchanged
2026-06-04 17:30:58.261 INFO  a.d.s.config.LogDemo - Sistem melumatlari ucun logging
2026-06-04 17:30:58.261 WARN  a.d.s.config.LogDemo - Xeberadarliq mesajlari ucun logging
2026-06-04 17:30:58.261 ERROR a.d.s.config.LogDemo - Kritik mesajlar ucun logging
2026-06-04 17:31:06.459 INFO  o.a.c.c.C.[Tomcat-1].[localhost].[/] - Initializing Spring DispatcherServlet 'dispatcherServlet'
2026-06-04 17:31:06.459 INFO  o.s.web.servlet.DispatcherServlet - Initializing Servlet 'dispatcherServlet'
2026-06-04 17:31:06.471 INFO  o.s.web.servlet.DispatcherServlet - Completed initialization in 12 ms
2026-06-04 17:31:06.476 INFO  com.zaxxer.hikari.HikariDataSource - HikariPool-8 - Starting...
2026-06-04 17:31:06.513 INFO  com.zaxxer.hikari.pool.HikariPool - HikariPool-8 - Added connection com.mysql.cj.jdbc.ConnectionImpl@7da22f29
2026-06-04 17:31:06.515 INFO  com.zaxxer.hikari.HikariDataSource - HikariPool-8 - Start completed.
2026-06-04 17:34:49.785 INFO  o.s.b.d.a.LocalDevToolsAutoConfiguration$RestartingClassPathChangeChangedEventListener - Restarting due to 1 class path change (0 additions, 0 deletions, 1 modification)
2026-06-04 17:34:49.788 INFO  o.s.boot.tomcat.GracefulShutdown - Commencing graceful shutdown. Waiting for active requests to complete
2026-06-04 17:34:49.789 INFO  o.a.coyote.http11.Http11NioProtocol - Pausing ProtocolHandler ["http-nio-8085"]
2026-06-04 17:34:49.797 INFO  o.s.boot.tomcat.GracefulShutdown - Graceful shutdown complete
2026-06-04 17:34:49.798 INFO  o.a.coyote.http11.Http11NioProtocol - Stopping ProtocolHandler ["http-nio-8085"]
2026-06-04 17:34:49.802 INFO  com.zaxxer.hikari.HikariDataSource - HikariPool-8 - Shutdown initiated...
2026-06-04 17:34:49.814 INFO  com.zaxxer.hikari.HikariDataSource - HikariPool-8 - Shutdown completed.
2026-06-04 17:34:49.922 INFO  a.d.s.SpringProject14aprelApplication - Starting SpringProject14aprelApplication using Java 21.0.8 with PID 35784 (C:\Github\14Aprel_group\codes\spring\spring-project-14aprel\target\classes started by User in C:\Github\14Aprel_group\codes\spring\spring-project-14aprel)
2026-06-04 17:34:49.922 INFO  a.d.s.SpringProject14aprelApplication - No active profile set, falling back to 1 default profile: "default"
2026-06-04 17:34:50.083 INFO  o.s.boot.tomcat.TomcatWebServer - Tomcat initialized with port 8085 (http)
2026-06-04 17:34:50.084 INFO  o.a.coyote.http11.Http11NioProtocol - Initializing ProtocolHandler ["http-nio-8085"]
2026-06-04 17:34:50.084 INFO  o.a.catalina.core.StandardService - Starting service [Tomcat]
2026-06-04 17:34:50.084 INFO  o.a.catalina.core.StandardEngine - Starting Servlet engine: [Apache Tomcat/11.0.21]
2026-06-04 17:34:50.099 INFO  o.s.b.w.c.s.WebApplicationContextInitializer - Root WebApplicationContext: initialization completed in 174 ms
2026-06-04 17:34:50.164 INFO  o.a.coyote.http11.Http11NioProtocol - Starting ProtocolHandler ["http-nio-8085"]
2026-06-04 17:34:50.168 INFO  o.s.boot.tomcat.TomcatWebServer - Tomcat started on port 8085 (http) with context path '/'
2026-06-04 17:34:50.170 INFO  a.d.s.SpringProject14aprelApplication - Started SpringProject14aprelApplication in 0.277 seconds (process running for 3624.999)
2026-06-04 17:34:50.170 INFO  o.s.b.d.a.ConditionEvaluationDeltaLoggingListener - Condition evaluation unchanged
2026-06-04 17:34:50.171 INFO  a.d.s.config.LogDemo - Sistem melumatlari ucun logging
2026-06-04 17:34:50.171 WARN  a.d.s.config.LogDemo - Xeberadarliq mesajlari ucun logging
2026-06-04 17:34:50.171 ERROR a.d.s.config.LogDemo - Kritik mesajlar ucun logging
2026-06-04 17:34:58.353 INFO  o.a.c.c.C.[Tomcat-1].[localhost].[/] - Initializing Spring DispatcherServlet 'dispatcherServlet'
