2026-06-04 21:35:07.520 INFO  a.d.s.SpringProject14aprelApplication - Starting SpringProject14aprelApplication using Java 21.0.8 with PID 37180 (C:\Github\14Aprel_group\codes\spring\spring-project-14aprel\target\classes started by User in C:\Github\14Aprel_group\codes\spring\spring-project-14aprel)
2026-06-04 21:35:07.521 INFO  a.d.s.SpringProject14aprelApplication - No active profile set, falling back to 1 default profile: "default"
2026-06-04 21:35:07.722 INFO  o.s.boot.tomcat.TomcatWebServer - Tomcat initialized with port 8085 (http)
2026-06-04 21:35:07.723 INFO  o.a.coyote.http11.Http11NioProtocol - Initializing ProtocolHandler ["http-nio-8085"]
2026-06-04 21:35:07.755 INFO  o.a.catalina.core.StandardService - Starting service [Tomcat]
2026-06-04 21:35:07.755 INFO  o.a.catalina.core.StandardEngine - Starting Servlet engine: [Apache Tomcat/11.0.21]
2026-06-04 21:35:07.775 INFO  o.s.b.w.c.s.WebApplicationContextInitializer - Root WebApplicationContext: initialization completed in 250 ms
2026-06-04 21:35:07.871 INFO  o.a.coyote.http11.Http11NioProtocol - Starting ProtocolHandler ["http-nio-8085"]
2026-06-04 21:35:07.878 INFO  o.s.boot.tomcat.TomcatWebServer - Tomcat started on port 8085 (http) with context path '/'
2026-06-04 21:35:07.881 INFO  a.d.s.SpringProject14aprelApplication - Started SpringProject14aprelApplication in 0.398 seconds (process running for 12911.04)
2026-06-04 21:35:07.883 INFO  o.s.b.d.a.ConditionEvaluationDeltaLoggingListener - Condition evaluation unchanged
2026-06-04 21:35:07.884 INFO  a.d.s.config.LogDemo - Sistem melumatlari ucun logging
2026-06-04 21:35:07.884 WARN  a.d.s.config.LogDemo - Xeberadarliq mesajlari ucun logging
2026-06-04 21:35:07.884 ERROR a.d.s.config.LogDemo - Kritik mesajlar ucun logging
2026-06-04 21:37:10.633 INFO  o.a.c.c.C.[Tomcat-3].[localhost].[/] - Initializing Spring DispatcherServlet 'dispatcherServlet'
2026-06-04 21:37:10.634 INFO  o.s.web.servlet.DispatcherServlet - Initializing Servlet 'dispatcherServlet'
2026-06-04 21:37:10.635 INFO  o.s.web.servlet.DispatcherServlet - Completed initialization in 1 ms
2026-06-04 21:37:10.641 INFO  com.zaxxer.hikari.HikariDataSource - HikariPool-6 - Starting...
2026-06-04 21:37:10.677 INFO  com.zaxxer.hikari.pool.HikariPool - HikariPool-6 - Added connection com.mysql.cj.jdbc.ConnectionImpl@36266001
2026-06-04 21:37:10.678 INFO  com.zaxxer.hikari.HikariDataSource - HikariPool-6 - Start completed.
2026-06-04 21:48:16.304 INFO  o.s.b.d.a.LocalDevToolsAutoConfiguration$RestartingClassPathChangeChangedEventListener - Restarting due to 1 class path change (0 additions, 0 deletions, 1 modification)
2026-06-04 21:48:16.306 INFO  o.s.boot.tomcat.GracefulShutdown - Commencing graceful shutdown. Waiting for active requests to complete
2026-06-04 21:48:16.308 INFO  o.a.coyote.http11.Http11NioProtocol - Pausing ProtocolHandler ["http-nio-8085"]
2026-06-04 21:48:16.315 INFO  o.s.boot.tomcat.GracefulShutdown - Graceful shutdown complete
2026-06-04 21:48:16.342 INFO  o.a.coyote.http11.Http11NioProtocol - Stopping ProtocolHandler ["http-nio-8085"]
2026-06-04 21:48:16.347 INFO  com.zaxxer.hikari.HikariDataSource - HikariPool-6 - Shutdown initiated...
2026-06-04 21:48:16.357 INFO  com.zaxxer.hikari.HikariDataSource - HikariPool-6 - Shutdown completed.
2026-06-04 21:48:16.474 INFO  a.d.s.SpringProject14aprelApplication - Starting SpringProject14aprelApplication using Java 21.0.8 with PID 37180 (C:\Github\14Aprel_group\codes\spring\spring-project-14aprel\target\classes started by User in C:\Github\14Aprel_group\codes\spring\spring-project-14aprel)
2026-06-04 21:48:16.474 INFO  a.d.s.SpringProject14aprelApplication - No active profile set, falling back to 1 default profile: "default"
2026-06-04 21:48:16.684 INFO  o.s.boot.tomcat.TomcatWebServer - Tomcat initialized with port 8085 (http)
2026-06-04 21:48:16.685 INFO  o.a.coyote.http11.Http11NioProtocol - Initializing ProtocolHandler ["http-nio-8085"]
2026-06-04 21:48:16.686 INFO  o.a.catalina.core.StandardService - Starting service [Tomcat]
2026-06-04 21:48:16.686 INFO  o.a.catalina.core.StandardEngine - Starting Servlet engine: [Apache Tomcat/11.0.21]
2026-06-04 21:48:16.704 INFO  o.s.b.w.c.s.WebApplicationContextInitializer - Root WebApplicationContext: initialization completed in 227 ms
2026-06-04 21:48:16.793 INFO  o.a.coyote.http11.Http11NioProtocol - Starting ProtocolHandler ["http-nio-8085"]
2026-06-04 21:48:16.799 INFO  o.s.boot.tomcat.TomcatWebServer - Tomcat started on port 8085 (http) with context path '/'
2026-06-04 21:48:16.802 INFO  a.d.s.SpringProject14aprelApplication - Started SpringProject14aprelApplication in 0.367 seconds (process running for 13699.96)
2026-06-04 21:48:16.802 INFO  o.s.b.d.a.ConditionEvaluationDeltaLoggingListener - Condition evaluation unchanged
2026-06-04 21:48:16.804 INFO  a.d.s.config.LogDemo - Sistem melumatlari ucun logging
2026-06-04 21:48:16.804 WARN  a.d.s.config.LogDemo - Xeberadarliq mesajlari ucun logging
2026-06-04 21:48:16.804 ERROR a.d.s.config.LogDemo - Kritik mesajlar ucun logging
2026-06-04 21:48:53.465 INFO  o.a.c.c.C.[Tomcat-3].[localhost].[/] - Initializing Spring DispatcherServlet 'dispatcherServlet'
2026-06-04 21:48:53.466 INFO  o.s.web.servlet.DispatcherServlet - Initializing Servlet 'dispatcherServlet'
2026-06-04 21:48:53.468 INFO  o.s.web.servlet.DispatcherServlet - Completed initialization in 2 ms
2026-06-04 21:48:53.478 INFO  com.zaxxer.hikari.HikariDataSource - HikariPool-7 - Starting...
2026-06-04 21:48:53.517 INFO  com.zaxxer.hikari.pool.HikariPool - HikariPool-7 - Added connection com.mysql.cj.jdbc.ConnectionImpl@55badf6d
2026-06-04 21:48:53.517 INFO  com.zaxxer.hikari.HikariDataSource - HikariPool-7 - Start completed.
2026-06-04 21:49:43.639 WARN  o.s.w.s.m.s.DefaultHandlerExceptionResolver - Resolved [org.springframework.web.bind.MissingServletRequestParameterException: Required request parameter 'q' for method parameter type String is not present]
2026-06-04 21:50:38.641 INFO  o.s.b.d.a.LocalDevToolsAutoConfiguration$RestartingClassPathChangeChangedEventListener - Restarting due to 1 class path change (0 additions, 0 deletions, 1 modification)
2026-06-04 21:50:38.645 INFO  o.s.boot.tomcat.GracefulShutdown - Commencing graceful shutdown. Waiting for active requests to complete
2026-06-04 21:50:38.646 INFO  o.a.coyote.http11.Http11NioProtocol - Pausing ProtocolHandler ["http-nio-8085"]
2026-06-04 21:50:38.658 INFO  o.s.boot.tomcat.GracefulShutdown - Graceful shutdown complete
2026-06-04 21:50:38.658 INFO  o.a.coyote.http11.Http11NioProtocol - Stopping ProtocolHandler ["http-nio-8085"]
2026-06-04 21:50:38.661 INFO  com.zaxxer.hikari.HikariDataSource - HikariPool-7 - Shutdown initiated...
2026-06-04 21:50:38.669 INFO  com.zaxxer.hikari.HikariDataSource - HikariPool-7 - Shutdown completed.
2026-06-04 21:50:38.811 INFO  a.d.s.SpringProject14aprelApplication - Starting SpringProject14aprelApplication using Java 21.0.8 with PID 37180 (C:\Github\14Aprel_group\codes\spring\spring-project-14aprel\target\classes started by User in C:\Github\14Aprel_group\codes\spring\spring-project-14aprel)
2026-06-04 21:50:38.811 INFO  a.d.s.SpringProject14aprelApplication - No active profile set, falling back to 1 default profile: "default"
2026-06-04 21:50:39.049 INFO  o.s.boot.tomcat.TomcatWebServer - Tomcat initialized with port 8085 (http)
2026-06-04 21:50:39.051 INFO  o.a.coyote.http11.Http11NioProtocol - Initializing ProtocolHandler ["http-nio-8085"]
2026-06-04 21:50:39.052 INFO  o.a.catalina.core.StandardService - Starting service [Tomcat]
2026-06-04 21:50:39.054 INFO  o.a.catalina.core.StandardEngine - Starting Servlet engine: [Apache Tomcat/11.0.21]
2026-06-04 21:50:39.069 INFO  o.s.b.w.c.s.WebApplicationContextInitializer - Root WebApplicationContext: initialization completed in 255 ms
2026-06-04 21:50:39.188 INFO  o.a.coyote.http11.Http11NioProtocol - Starting ProtocolHandler ["http-nio-8085"]
2026-06-04 21:50:39.192 INFO  o.s.boot.tomcat.TomcatWebServer - Tomcat started on port 8085 (http) with context path '/'
2026-06-04 21:50:39.197 INFO  a.d.s.SpringProject14aprelApplication - Started SpringProject14aprelApplication in 0.434 seconds (process running for 13842.356)
2026-06-04 21:50:39.201 INFO  o.s.b.d.a.ConditionEvaluationDeltaLoggingListener - Condition evaluation unchanged
2026-06-04 21:50:39.202 INFO  a.d.s.config.LogDemo - Sistem melumatlari ucun logging
2026-06-04 21:50:39.203 WARN  a.d.s.config.LogDemo - Xeberadarliq mesajlari ucun logging
2026-06-04 21:50:39.203 ERROR a.d.s.config.LogDemo - Kritik mesajlar ucun logging
2026-06-04 21:50:45.156 INFO  o.a.c.c.C.[Tomcat-3].[localhost].[/] - Initializing Spring DispatcherServlet 'dispatcherServlet'
2026-06-04 21:50:45.157 INFO  o.s.web.servlet.DispatcherServlet - Initializing Servlet 'dispatcherServlet'
2026-06-04 21:50:45.160 INFO  o.s.web.servlet.DispatcherServlet - Completed initialization in 3 ms
2026-06-04 21:50:45.165 INFO  com.zaxxer.hikari.HikariDataSource - HikariPool-8 - Starting...
2026-06-04 21:50:45.196 INFO  com.zaxxer.hikari.pool.HikariPool - HikariPool-8 - Added connection com.mysql.cj.jdbc.ConnectionImpl@7d0b9100
2026-06-04 21:50:45.197 INFO  com.zaxxer.hikari.HikariDataSource - HikariPool-8 - Start completed.
2026-06-04 21:52:31.263 INFO  o.s.b.d.a.LocalDevToolsAutoConfiguration$RestartingClassPathChangeChangedEventListener - Restarting due to 1 class path change (0 additions, 0 deletions, 1 modification)
2026-06-04 21:52:31.264 INFO  o.s.boot.tomcat.GracefulShutdown - Commencing graceful shutdown. Waiting for active requests to complete
2026-06-04 21:52:31.266 INFO  o.a.coyote.http11.Http11NioProtocol - Pausing ProtocolHandler ["http-nio-8085"]
2026-06-04 21:52:31.279 INFO  o.s.boot.tomcat.GracefulShutdown - Graceful shutdown complete
2026-06-04 21:52:31.280 INFO  o.a.coyote.http11.Http11NioProtocol - Stopping ProtocolHandler ["http-nio-8085"]
2026-06-04 21:52:31.283 INFO  com.zaxxer.hikari.HikariDataSource - HikariPool-8 - Shutdown initiated...
2026-06-04 21:52:31.291 INFO  com.zaxxer.hikari.HikariDataSource - HikariPool-8 - Shutdown completed.
2026-06-04 21:52:31.416 INFO  a.d.s.SpringProject14aprelApplication - Starting SpringProject14aprelApplication using Java 21.0.8 with PID 37180 (C:\Github\14Aprel_group\codes\spring\spring-project-14aprel\target\classes started by User in C:\Github\14Aprel_group\codes\spring\spring-project-14aprel)
