2026-06-08 17:37:52.355 INFO  o.a.catalina.core.StandardService - Starting service [Tomcat]
2026-06-08 17:37:52.358 INFO  o.a.catalina.core.StandardEngine - Starting Servlet engine: [Apache Tomcat/11.0.21]
2026-06-08 17:37:52.397 INFO  o.s.b.w.c.s.WebApplicationContextInitializer - Root WebApplicationContext: initialization completed in 341 ms
2026-06-08 17:37:52.535 INFO  o.a.coyote.http11.Http11NioProtocol - Starting ProtocolHandler ["http-nio-8085"]
2026-06-08 17:37:52.543 INFO  o.s.boot.tomcat.TomcatWebServer - Tomcat started on port 8085 (http) with context path '/'
2026-06-08 17:37:52.548 INFO  a.d.s.SpringProject14aprelApplication - Started SpringProject14aprelApplication in 0.56 seconds (process running for 2463.979)
2026-06-08 17:37:52.550 INFO  o.s.b.d.a.ConditionEvaluationDeltaLoggingListener - Condition evaluation unchanged
2026-06-08 17:37:52.552 INFO  a.d.s.config.LogDemo - Sistem melumatlari ucun logging
2026-06-08 17:37:52.552 WARN  a.d.s.config.LogDemo - Xeberadarliq mesajlari ucun logging
2026-06-08 17:37:52.553 ERROR a.d.s.config.LogDemo - Kritik mesajlar ucun logging
2026-06-08 17:38:00.164 INFO  o.s.b.d.a.LocalDevToolsAutoConfiguration$RestartingClassPathChangeChangedEventListener - Restarting due to 1 class path change (0 additions, 0 deletions, 1 modification)
2026-06-08 17:38:00.166 INFO  o.s.boot.tomcat.GracefulShutdown - Commencing graceful shutdown. Waiting for active requests to complete
2026-06-08 17:38:00.168 INFO  o.a.coyote.http11.Http11NioProtocol - Pausing ProtocolHandler ["http-nio-8085"]
2026-06-08 17:38:00.178 INFO  o.s.boot.tomcat.GracefulShutdown - Graceful shutdown complete
2026-06-08 17:38:00.179 INFO  o.a.coyote.http11.Http11NioProtocol - Stopping ProtocolHandler ["http-nio-8085"]
2026-06-08 17:38:00.288 INFO  a.d.s.SpringProject14aprelApplication - Starting SpringProject14aprelApplication using Java 21.0.8 with PID 6296 (C:\Github\14Aprel_group\codes\spring\spring-project-14aprel\target\classes started by User in C:\Github\14Aprel_group\codes\spring\spring-project-14aprel)
2026-06-08 17:38:00.291 INFO  a.d.s.SpringProject14aprelApplication - No active profile set, falling back to 1 default profile: "default"
2026-06-08 17:38:00.517 INFO  o.s.boot.tomcat.TomcatWebServer - Tomcat initialized with port 8085 (http)
2026-06-08 17:38:00.519 INFO  o.a.coyote.http11.Http11NioProtocol - Initializing ProtocolHandler ["http-nio-8085"]
2026-06-08 17:38:00.520 INFO  o.a.catalina.core.StandardService - Starting service [Tomcat]
2026-06-08 17:38:00.522 INFO  o.a.catalina.core.StandardEngine - Starting Servlet engine: [Apache Tomcat/11.0.21]
2026-06-08 17:38:00.541 INFO  o.s.b.w.c.s.WebApplicationContextInitializer - Root WebApplicationContext: initialization completed in 248 ms
2026-06-08 17:38:00.652 INFO  o.a.coyote.http11.Http11NioProtocol - Starting ProtocolHandler ["http-nio-8085"]
2026-06-08 17:38:00.658 INFO  o.s.boot.tomcat.TomcatWebServer - Tomcat started on port 8085 (http) with context path '/'
2026-06-08 17:38:00.663 INFO  a.d.s.SpringProject14aprelApplication - Started SpringProject14aprelApplication in 0.415 seconds (process running for 2472.094)
2026-06-08 17:38:00.665 INFO  o.s.b.d.a.ConditionEvaluationDeltaLoggingListener - Condition evaluation unchanged
2026-06-08 17:38:00.666 INFO  a.d.s.config.LogDemo - Sistem melumatlari ucun logging
2026-06-08 17:38:00.667 WARN  a.d.s.config.LogDemo - Xeberadarliq mesajlari ucun logging
2026-06-08 17:38:00.667 ERROR a.d.s.config.LogDemo - Kritik mesajlar ucun logging
2026-06-08 17:38:04.102 INFO  o.a.c.c.C.[Tomcat].[localhost].[/] - Initializing Spring DispatcherServlet 'dispatcherServlet'
2026-06-08 17:38:04.104 INFO  o.s.web.servlet.DispatcherServlet - Initializing Servlet 'dispatcherServlet'
2026-06-08 17:38:04.106 INFO  o.s.web.servlet.DispatcherServlet - Completed initialization in 2 ms
2026-06-08 17:38:04.108 INFO  com.zaxxer.hikari.HikariDataSource - HikariPool-3 - Starting...
2026-06-08 17:38:04.140 INFO  com.zaxxer.hikari.pool.HikariPool - HikariPool-3 - Added connection com.mysql.cj.jdbc.ConnectionImpl@573e8f2d
2026-06-08 17:38:04.140 INFO  com.zaxxer.hikari.HikariDataSource - HikariPool-3 - Start completed.
2026-06-08 17:38:22.631 INFO  o.s.b.d.a.LocalDevToolsAutoConfiguration$RestartingClassPathChangeChangedEventListener - Restarting due to 1 class path change (0 additions, 0 deletions, 1 modification)
2026-06-08 17:38:22.636 INFO  o.s.boot.tomcat.GracefulShutdown - Commencing graceful shutdown. Waiting for active requests to complete
2026-06-08 17:38:22.637 INFO  o.a.coyote.http11.Http11NioProtocol - Pausing ProtocolHandler ["http-nio-8085"]
2026-06-08 17:38:22.648 INFO  o.s.boot.tomcat.GracefulShutdown - Graceful shutdown complete
2026-06-08 17:38:22.649 INFO  o.a.coyote.http11.Http11NioProtocol - Stopping ProtocolHandler ["http-nio-8085"]
2026-06-08 17:38:22.659 INFO  com.zaxxer.hikari.HikariDataSource - HikariPool-3 - Shutdown initiated...
2026-06-08 17:38:22.670 INFO  com.zaxxer.hikari.HikariDataSource - HikariPool-3 - Shutdown completed.
2026-06-08 17:38:22.799 INFO  a.d.s.SpringProject14aprelApplication - Starting SpringProject14aprelApplication using Java 21.0.8 with PID 6296 (C:\Github\14Aprel_group\codes\spring\spring-project-14aprel\target\classes started by User in C:\Github\14Aprel_group\codes\spring\spring-project-14aprel)
2026-06-08 17:38:22.800 INFO  a.d.s.SpringProject14aprelApplication - No active profile set, falling back to 1 default profile: "default"
2026-06-08 17:38:23.072 INFO  o.s.boot.tomcat.TomcatWebServer - Tomcat initialized with port 8085 (http)
2026-06-08 17:38:23.075 INFO  o.a.coyote.http11.Http11NioProtocol - Initializing ProtocolHandler ["http-nio-8085"]
2026-06-08 17:38:23.076 INFO  o.a.catalina.core.StandardService - Starting service [Tomcat]
2026-06-08 17:38:23.077 INFO  o.a.catalina.core.StandardEngine - Starting Servlet engine: [Apache Tomcat/11.0.21]
2026-06-08 17:38:23.098 INFO  o.s.b.w.c.s.WebApplicationContextInitializer - Root WebApplicationContext: initialization completed in 293 ms
2026-06-08 17:38:23.223 INFO  o.a.coyote.http11.Http11NioProtocol - Starting ProtocolHandler ["http-nio-8085"]
2026-06-08 17:38:23.231 INFO  o.s.boot.tomcat.TomcatWebServer - Tomcat started on port 8085 (http) with context path '/'
2026-06-08 17:38:23.233 INFO  a.d.s.SpringProject14aprelApplication - Started SpringProject14aprelApplication in 0.47 seconds (process running for 2494.664)
2026-06-08 17:38:23.235 INFO  o.s.b.d.a.ConditionEvaluationDeltaLoggingListener - Condition evaluation unchanged
2026-06-08 17:38:23.236 INFO  a.d.s.config.LogDemo - Sistem melumatlari ucun logging
2026-06-08 17:38:23.236 WARN  a.d.s.config.LogDemo - Xeberadarliq mesajlari ucun logging
2026-06-08 17:38:23.236 ERROR a.d.s.config.LogDemo - Kritik mesajlar ucun logging
2026-06-08 17:38:27.117 INFO  o.a.c.c.C.[Tomcat].[localhost].[/] - Initializing Spring DispatcherServlet 'dispatcherServlet'
2026-06-08 17:38:27.118 INFO  o.s.web.servlet.DispatcherServlet - Initializing Servlet 'dispatcherServlet'
2026-06-08 17:38:27.126 INFO  o.s.web.servlet.DispatcherServlet - Completed initialization in 8 ms
2026-06-08 17:38:27.141 INFO  com.zaxxer.hikari.HikariDataSource - HikariPool-4 - Starting...
2026-06-08 17:38:27.211 INFO  com.zaxxer.hikari.pool.HikariPool - HikariPool-4 - Added connection com.mysql.cj.jdbc.ConnectionImpl@424d0312
2026-06-08 17:38:27.211 INFO  com.zaxxer.hikari.HikariDataSource - HikariPool-4 - Start completed.
2026-06-08 20:25:06.953 INFO  a.d.s.SpringProject14aprelApplication - Starting SpringProject14aprelApplication using Java 21.0.8 with PID 11832 (C:\Github\14Aprel_group\codes\spring\spring-project-14aprel\target\classes started by User in C:\Github\14Aprel_group\codes\spring\spring-project-14aprel)
2026-06-08 20:25:06.959 INFO  a.d.s.SpringProject14aprelApplication - No active profile set, falling back to 1 default profile: "default"
2026-06-08 20:25:07.072 INFO  o.s.b.d.e.DevToolsPropertyDefaultsPostProcessor - Devtools property defaults active! Set 'spring.devtools.add-properties' to 'false' to disable
2026-06-08 20:25:07.073 INFO  o.s.b.d.e.DevToolsPropertyDefaultsPostProcessor - For additional web related logging consider setting the 'logging.level.web' property to 'DEBUG'
2026-06-08 20:25:09.574 INFO  o.s.boot.tomcat.TomcatWebServer - Tomcat initialized with port 8085 (http)
2026-06-08 20:25:09.605 INFO  o.a.coyote.http11.Http11NioProtocol - Initializing ProtocolHandler ["http-nio-8085"]
2026-06-08 20:25:09.612 INFO  o.a.catalina.core.StandardService - Starting service [Tomcat]
2026-06-08 20:25:09.613 INFO  o.a.catalina.core.StandardEngine - Starting Servlet engine: [Apache Tomcat/11.0.21]
2026-06-08 20:25:09.712 INFO  o.s.b.w.c.s.WebApplicationContextInitializer - Root WebApplicationContext: initialization completed in 2635 ms
2026-06-08 20:25:11.596 INFO  o.a.coyote.http11.Http11NioProtocol - Starting ProtocolHandler ["http-nio-8085"]
2026-06-08 20:25:11.676 INFO  o.s.boot.tomcat.TomcatWebServer - Tomcat started on port 8085 (http) with context path '/'
2026-06-08 20:25:11.692 INFO  a.d.s.SpringProject14aprelApplication - Started SpringProject14aprelApplication in 5.878 seconds (process running for 13.816)
2026-06-08 20:25:11.701 INFO  a.d.s.config.LogDemo - Sistem melumatlari ucun logging
2026-06-08 20:25:11.702 WARN  a.d.s.config.LogDemo - Xeberadarliq mesajlari ucun logging
2026-06-08 20:25:11.702 ERROR a.d.s.config.LogDemo - Kritik mesajlar ucun logging
2026-06-08 20:26:39.920 INFO  o.a.c.c.C.[Tomcat].[localhost].[/] - Initializing Spring DispatcherServlet 'dispatcherServlet'
2026-06-08 20:26:39.923 INFO  o.s.web.servlet.DispatcherServlet - Initializing Servlet 'dispatcherServlet'
2026-06-08 20:26:39.927 INFO  o.s.web.servlet.DispatcherServlet - Completed initialization in 4 ms
2026-06-08 20:26:40.103 INFO  com.zaxxer.hikari.HikariDataSource - HikariPool-1 - Starting...
2026-06-08 20:26:41.765 INFO  com.zaxxer.hikari.pool.HikariPool - HikariPool-1 - Added connection com.mysql.cj.jdbc.ConnectionImpl@343af761
2026-06-08 20:26:41.773 INFO  com.zaxxer.hikari.HikariDataSource - HikariPool-1 - Start completed.
2026-06-08 20:32:52.967 INFO  o.s.b.d.a.LocalDevToolsAutoConfiguration$RestartingClassPathChangeChangedEventListener - Restarting due to 1 class path change (0 additions, 0 deletions, 1 modification)
