2026-07-20 20:32:23.361 INFO  o.a.catalina.core.StandardEngine - Starting Servlet engine: [Apache Tomcat/11.0.21]
2026-07-20 20:32:23.597 INFO  o.s.b.w.c.s.WebApplicationContextInitializer - Root WebApplicationContext: initialization completed in 6902 ms
2026-07-20 20:32:25.490 INFO  org.hibernate.orm.jpa - HHH008540: Processing PersistenceUnitInfo [name: default]
2026-07-20 20:32:25.761 INFO  org.hibernate.orm.core - HHH000001: Hibernate ORM core version 7.2.12.Final
2026-07-20 20:32:27.662 INFO  o.s.o.j.p.SpringPersistenceUnitInfo - No LoadTimeWeaver setup: ignoring JPA class transformer
2026-07-20 20:32:27.725 INFO  com.zaxxer.hikari.HikariDataSource - HikariPool-1 - Starting...
2026-07-20 20:32:28.100 INFO  com.zaxxer.hikari.pool.HikariPool - HikariPool-1 - Added connection conn0: url=jdbc:h2:mem:test user=ROOT
2026-07-20 20:32:28.103 INFO  com.zaxxer.hikari.HikariDataSource - HikariPool-1 - Start completed.
2026-07-20 20:32:28.243 INFO  o.hibernate.orm.connections.pooling - HHH10001005: Database info:
	Database JDBC URL [jdbc:h2:mem:test]
	Database driver: H2 JDBC Driver
	Database dialect: H2Dialect
	Database version: 2.4.240
	Default catalog/schema: TEST/PUBLIC
	Autocommit mode: undefined/unknown
	Isolation level: READ_COMMITTED [default READ_COMMITTED]
	JDBC fetch size: 100
	Pool: DataSourceConnectionProvider
	Minimum pool size: undefined/unknown
	Maximum pool size: undefined/unknown
2026-07-20 20:32:30.175 INFO  org.hibernate.orm.core - HHH000489: No JTA platform available (set 'hibernate.transaction.jta.platform' to enable JTA platform integration)
2026-07-20 20:32:30.330 INFO  o.s.o.j.LocalContainerEntityManagerFactoryBean - Initialized JPA EntityManagerFactory for persistence unit 'default'
2026-07-20 20:32:30.670 INFO  o.s.d.j.r.q.QueryEnhancerFactories - Hibernate is in classpath; If applicable, HQL parser will be used.
2026-07-20 20:32:32.452 WARN  o.s.b.j.a.JpaBaseConfiguration$JpaWebConfiguration - spring.jpa.open-in-view is enabled by default. Therefore, database queries may be performed during view rendering. Explicitly configure spring.jpa.open-in-view to disable this warning
2026-07-20 20:32:34.617 INFO  o.s.b.h.a.H2ConsoleAutoConfiguration - H2 console available at '/h2-console'. Database available at 'jdbc:h2:mem:test'
2026-07-20 20:32:34.857 INFO  o.a.coyote.http11.Http11NioProtocol - Starting ProtocolHandler ["http-nio-8085"]
2026-07-20 20:32:35.064 INFO  o.s.boot.tomcat.TomcatWebServer - Tomcat started on port 8085 (http) with context path '/'
2026-07-20 20:32:35.095 INFO  a.d.s.SpringProject14aprelApplication - Started SpringProject14aprelApplication in 20.697 seconds (process running for 31.856)
2026-07-20 20:32:35.118 INFO  a.d.s.config.LogDemo - Sistem melumatlari ucun logging
2026-07-20 20:32:35.119 WARN  a.d.s.config.LogDemo - Xeberadarliq mesajlari ucun logging
2026-07-20 20:32:35.119 ERROR a.d.s.config.LogDemo - Kritik mesajlar ucun logging
2026-07-20 20:34:42.677 INFO  o.a.c.c.C.[Tomcat].[localhost].[/] - Initializing Spring DispatcherServlet 'dispatcherServlet'
2026-07-20 20:34:42.679 INFO  o.s.web.servlet.DispatcherServlet - Initializing Servlet 'dispatcherServlet'
2026-07-20 20:34:42.682 INFO  o.s.web.servlet.DispatcherServlet - Completed initialization in 2 ms
2026-07-20 20:41:19.869 INFO  o.s.b.d.a.LocalDevToolsAutoConfiguration$RestartingClassPathChangeChangedEventListener - Restarting due to 1 class path change (0 additions, 0 deletions, 1 modification)
2026-07-20 20:41:19.878 INFO  o.s.boot.tomcat.GracefulShutdown - Commencing graceful shutdown. Waiting for active requests to complete
2026-07-20 20:41:19.879 INFO  o.a.coyote.http11.Http11NioProtocol - Pausing ProtocolHandler ["http-nio-8085"]
2026-07-20 20:41:19.917 INFO  o.s.boot.tomcat.GracefulShutdown - Graceful shutdown complete
2026-07-20 20:41:19.919 INFO  o.a.coyote.http11.Http11NioProtocol - Stopping ProtocolHandler ["http-nio-8085"]
2026-07-20 20:41:19.941 INFO  o.s.o.j.LocalContainerEntityManagerFactoryBean - Closing JPA EntityManagerFactory for persistence unit 'default'
2026-07-20 20:41:19.957 WARN  o.s.b.f.s.DisposableBeanAdapter - Invocation of destroy method failed on bean with name 'inMemoryDatabaseShutdownExecutor': org.h2.jdbc.JdbcSQLNonTransientConnectionException: Database is already closed (to disable automatic closing at VM shutdown, add ";DB_CLOSE_ON_EXIT=FALSE" to the db URL) [90121-240]
2026-07-20 20:41:19.958 INFO  com.zaxxer.hikari.HikariDataSource - HikariPool-1 - Shutdown initiated...
2026-07-20 20:41:19.963 INFO  com.zaxxer.hikari.HikariDataSource - HikariPool-1 - Shutdown completed.
2026-07-20 20:41:20.189 INFO  a.d.s.SpringProject14aprelApplication - Starting SpringProject14aprelApplication using Java 21.0.8 with PID 32108 (C:\Github\14Aprel_group\codes\spring\spring-project-14aprel\target\classes started by User in C:\Github\14Aprel_group\codes\spring\spring-project-14aprel)
2026-07-20 20:41:20.189 INFO  a.d.s.SpringProject14aprelApplication - No active profile set, falling back to 1 default profile: "default"
2026-07-20 20:41:20.647 INFO  o.s.d.r.c.RepositoryConfigurationDelegate - Multiple Spring Data modules found, entering strict repository configuration mode
2026-07-20 20:41:20.647 INFO  o.s.d.r.c.RepositoryConfigurationDelegate - Bootstrapping Spring Data JPA repositories in DEFAULT mode.
2026-07-20 20:41:20.676 INFO  o.s.d.r.c.RepositoryConfigurationDelegate - Finished Spring Data repository scanning in 27 ms. Found 2 JPA repository interfaces.
2026-07-20 20:41:20.686 INFO  o.s.d.r.c.RepositoryConfigurationDelegate - Multiple Spring Data modules found, entering strict repository configuration mode
2026-07-20 20:41:20.687 INFO  o.s.d.r.c.RepositoryConfigurationDelegate - Bootstrapping Spring Data Redis repositories in DEFAULT mode.
2026-07-20 20:41:20.696 INFO  o.s.d.r.c.RepositoryConfigurationExtensionSupport - Spring Data Redis - Could not safely identify store assignment for repository candidate interface az.developia.spring_project_14aprel.repository.BookRepo; If you want this repository to be a Redis repository, consider annotating your entities with one of these annotations: org.springframework.data.redis.core.RedisHash (preferred), or consider extending one of the following types with your repository: org.springframework.data.keyvalue.repository.KeyValueRepository
2026-07-20 20:41:20.697 INFO  o.s.d.r.c.RepositoryConfigurationExtensionSupport - Spring Data Redis - Could not safely identify store assignment for repository candidate interface az.developia.spring_project_14aprel.repository.UserRepository; If you want this repository to be a Redis repository, consider annotating your entities with one of these annotations: org.springframework.data.redis.core.RedisHash (preferred), or consider extending one of the following types with your repository: org.springframework.data.keyvalue.repository.KeyValueRepository
2026-07-20 20:41:20.697 INFO  o.s.d.r.c.RepositoryConfigurationDelegate - Finished Spring Data repository scanning in 8 ms. Found 0 Redis repository interfaces.
2026-07-20 20:41:20.952 INFO  o.s.boot.tomcat.TomcatWebServer - Tomcat initialized with port 8085 (http)
2026-07-20 20:41:20.953 INFO  o.a.coyote.http11.Http11NioProtocol - Initializing ProtocolHandler ["http-nio-8085"]
2026-07-20 20:41:20.955 INFO  o.a.catalina.core.StandardService - Starting service [Tomcat]
2026-07-20 20:41:20.956 INFO  o.a.catalina.core.StandardEngine - Starting Servlet engine: [Apache Tomcat/11.0.21]
2026-07-20 20:41:20.997 INFO  o.s.b.w.c.s.WebApplicationContextInitializer - Root WebApplicationContext: initialization completed in 798 ms
2026-07-20 20:41:21.082 INFO  org.hibernate.orm.jpa - HHH008540: Processing PersistenceUnitInfo [name: default]
2026-07-20 20:41:21.156 INFO  o.s.o.j.p.SpringPersistenceUnitInfo - No LoadTimeWeaver setup: ignoring JPA class transformer
2026-07-20 20:41:21.160 INFO  com.zaxxer.hikari.HikariDataSource - HikariPool-2 - Starting...
2026-07-20 20:41:21.166 INFO  com.zaxxer.hikari.pool.HikariPool - HikariPool-2 - Added connection conn10: url=jdbc:h2:mem:test user=ROOT
2026-07-20 20:41:21.167 INFO  com.zaxxer.hikari.HikariDataSource - HikariPool-2 - Start completed.
2026-07-20 20:41:21.170 INFO  o.hibernate.orm.connections.pooling - HHH10001005: Database info:
	Database JDBC URL [jdbc:h2:mem:test]
	Database driver: H2 JDBC Driver
	Database dialect: H2Dialect
	Database version: 2.4.240
	Default catalog/schema: TEST/PUBLIC
	Autocommit mode: undefined/unknown
	Isolation level: READ_COMMITTED [default READ_COMMITTED]
	JDBC fetch size: 100
	Pool: DataSourceConnectionProvider
	Minimum pool size: undefined/unknown
	Maximum pool size: undefined/unknown
2026-07-20 20:41:21.450 INFO  org.hibernate.orm.core - HHH000489: No JTA platform available (set 'hibernate.transaction.jta.platform' to enable JTA platform integration)
2026-07-20 20:41:21.479 INFO  o.s.o.j.LocalContainerEntityManagerFactoryBean - Initialized JPA EntityManagerFactory for persistence unit 'default'
2026-07-20 20:41:21.787 WARN  o.s.b.j.a.JpaBaseConfiguration$JpaWebConfiguration - spring.jpa.open-in-view is enabled by default. Therefore, database queries may be performed during view rendering. Explicitly configure spring.jpa.open-in-view to disable this warning
2026-07-20 20:41:21.991 INFO  o.s.b.h.a.H2ConsoleAutoConfiguration - H2 console available at '/h2-console'. Database available at 'jdbc:h2:mem:test'
2026-07-20 20:41:22.045 INFO  o.a.coyote.http11.Http11NioProtocol - Starting ProtocolHandler ["http-nio-8085"]
2026-07-20 20:41:22.062 INFO  o.s.boot.tomcat.TomcatWebServer - Tomcat started on port 8085 (http) with context path '/'
2026-07-20 20:41:22.086 INFO  a.d.s.SpringProject14aprelApplication - Started SpringProject14aprelApplication in 1.971 seconds (process running for 558.847)
2026-07-20 20:41:22.101 INFO  o.s.b.d.a.ConditionEvaluationDeltaLoggingListener - Condition evaluation unchanged
2026-07-20 20:41:22.105 INFO  a.d.s.config.LogDemo - Sistem melumatlari ucun logging
2026-07-20 20:41:22.105 WARN  a.d.s.config.LogDemo - Xeberadarliq mesajlari ucun logging
2026-07-20 20:41:22.105 ERROR a.d.s.config.LogDemo - Kritik mesajlar ucun logging
2026-07-20 20:42:16.379 INFO  o.a.c.c.C.[Tomcat].[localhost].[/] - Initializing Spring DispatcherServlet 'dispatcherServlet'
