2026-06-04 21:55:14.240 INFO  o.a.catalina.core.StandardService - Starting service [Tomcat]
2026-06-04 21:55:14.241 INFO  o.a.catalina.core.StandardEngine - Starting Servlet engine: [Apache Tomcat/11.0.21]
2026-06-04 21:55:14.260 INFO  o.s.b.w.c.s.WebApplicationContextInitializer - Root WebApplicationContext: initialization completed in 197 ms
2026-06-04 21:55:14.355 INFO  o.a.coyote.http11.Http11NioProtocol - Starting ProtocolHandler ["http-nio-8085"]
2026-06-04 21:55:14.361 INFO  o.s.boot.tomcat.TomcatWebServer - Tomcat started on port 8085 (http) with context path '/'
2026-06-04 21:55:14.396 INFO  a.d.s.SpringProject14aprelApplication - Started SpringProject14aprelApplication in 0.37 seconds (process running for 14117.555)
2026-06-04 21:55:14.399 INFO  o.s.b.d.a.ConditionEvaluationDeltaLoggingListener - Condition evaluation unchanged
2026-06-04 21:55:14.401 INFO  a.d.s.config.LogDemo - Sistem melumatlari ucun logging
2026-06-04 21:55:14.401 WARN  a.d.s.config.LogDemo - Xeberadarliq mesajlari ucun logging
2026-06-04 21:55:14.401 ERROR a.d.s.config.LogDemo - Kritik mesajlar ucun logging
2026-06-04 21:55:31.655 INFO  o.a.c.c.C.[Tomcat-3].[localhost].[/] - Initializing Spring DispatcherServlet 'dispatcherServlet'
2026-06-04 21:55:31.656 INFO  o.s.web.servlet.DispatcherServlet - Initializing Servlet 'dispatcherServlet'
2026-06-04 21:55:31.657 INFO  o.s.web.servlet.DispatcherServlet - Completed initialization in 1 ms
2026-06-04 21:55:31.668 INFO  com.zaxxer.hikari.HikariDataSource - HikariPool-12 - Starting...
2026-06-04 21:55:31.698 INFO  com.zaxxer.hikari.pool.HikariPool - HikariPool-12 - Added connection com.mysql.cj.jdbc.ConnectionImpl@5e32519e
2026-06-04 21:55:31.699 INFO  com.zaxxer.hikari.HikariDataSource - HikariPool-12 - Start completed.
2026-06-04 21:57:16.919 INFO  o.s.b.d.a.LocalDevToolsAutoConfiguration$RestartingClassPathChangeChangedEventListener - Restarting due to 1 class path change (0 additions, 0 deletions, 1 modification)
2026-06-04 21:57:16.920 INFO  o.s.boot.tomcat.GracefulShutdown - Commencing graceful shutdown. Waiting for active requests to complete
2026-06-04 21:57:16.921 INFO  o.a.coyote.http11.Http11NioProtocol - Pausing ProtocolHandler ["http-nio-8085"]
2026-06-04 21:57:16.925 INFO  o.s.boot.tomcat.GracefulShutdown - Graceful shutdown complete
2026-06-04 21:57:16.925 INFO  o.a.coyote.http11.Http11NioProtocol - Stopping ProtocolHandler ["http-nio-8085"]
2026-06-04 21:57:16.929 INFO  com.zaxxer.hikari.HikariDataSource - HikariPool-12 - Shutdown initiated...
2026-06-04 21:57:16.936 INFO  com.zaxxer.hikari.HikariDataSource - HikariPool-12 - Shutdown completed.
2026-06-04 21:57:17.069 INFO  a.d.s.SpringProject14aprelApplication - Starting SpringProject14aprelApplication using Java 21.0.8 with PID 37180 (C:\Github\14Aprel_group\codes\spring\spring-project-14aprel\target\classes started by User in C:\Github\14Aprel_group\codes\spring\spring-project-14aprel)
2026-06-04 21:57:17.070 INFO  a.d.s.SpringProject14aprelApplication - No active profile set, falling back to 1 default profile: "default"
2026-06-04 21:57:17.256 INFO  o.s.boot.tomcat.TomcatWebServer - Tomcat initialized with port 8085 (http)
2026-06-04 21:57:17.256 INFO  o.a.coyote.http11.Http11NioProtocol - Initializing ProtocolHandler ["http-nio-8085"]
2026-06-04 21:57:17.257 INFO  o.a.catalina.core.StandardService - Starting service [Tomcat]
2026-06-04 21:57:17.257 INFO  o.a.catalina.core.StandardEngine - Starting Servlet engine: [Apache Tomcat/11.0.21]
2026-06-04 21:57:17.273 INFO  o.s.b.w.c.s.WebApplicationContextInitializer - Root WebApplicationContext: initialization completed in 201 ms
2026-06-04 21:57:17.354 INFO  o.a.coyote.http11.Http11NioProtocol - Starting ProtocolHandler ["http-nio-8085"]
2026-06-04 21:57:17.361 INFO  o.s.boot.tomcat.TomcatWebServer - Tomcat started on port 8085 (http) with context path '/'
2026-06-04 21:57:17.364 INFO  a.d.s.SpringProject14aprelApplication - Started SpringProject14aprelApplication in 0.329 seconds (process running for 14240.523)
2026-06-04 21:57:17.366 INFO  o.s.b.d.a.ConditionEvaluationDeltaLoggingListener - Condition evaluation unchanged
2026-06-04 21:57:17.367 INFO  a.d.s.config.LogDemo - Sistem melumatlari ucun logging
2026-06-04 21:57:17.367 WARN  a.d.s.config.LogDemo - Xeberadarliq mesajlari ucun logging
2026-06-04 21:57:17.367 ERROR a.d.s.config.LogDemo - Kritik mesajlar ucun logging
2026-06-04 21:57:22.229 INFO  o.a.c.c.C.[Tomcat-3].[localhost].[/] - Initializing Spring DispatcherServlet 'dispatcherServlet'
2026-06-04 21:57:22.230 INFO  o.s.web.servlet.DispatcherServlet - Initializing Servlet 'dispatcherServlet'
2026-06-04 21:57:22.234 INFO  o.s.web.servlet.DispatcherServlet - Completed initialization in 4 ms
2026-06-04 21:57:22.240 INFO  com.zaxxer.hikari.HikariDataSource - HikariPool-13 - Starting...
2026-06-04 21:57:22.270 INFO  com.zaxxer.hikari.pool.HikariPool - HikariPool-13 - Added connection com.mysql.cj.jdbc.ConnectionImpl@2d0061c
2026-06-04 21:57:22.271 INFO  com.zaxxer.hikari.HikariDataSource - HikariPool-13 - Start completed.
2026-06-04 23:46:08.823 WARN  com.zaxxer.hikari.pool.HikariPool - HikariPool-13 - Thread starvation or clock leap detected (housekeeper delta=1h21m46s31ms849µs400ns).
