2026-06-04 16:34:26.746 INFO  a.d.s.SpringProject14aprelApplication - Starting SpringProject14aprelApplication using Java 21.0.8 with PID 35784 (C:\Github\14Aprel_group\codes\spring\spring-project-14aprel\target\classes started by User in C:\Github\14Aprel_group\codes\spring\spring-project-14aprel)
2026-06-04 16:34:26.754 INFO  a.d.s.SpringProject14aprelApplication - No active profile set, falling back to 1 default profile: "default"
2026-06-04 16:34:26.834 INFO  o.s.b.d.e.DevToolsPropertyDefaultsPostProcessor - Devtools property defaults active! Set 'spring.devtools.add-properties' to 'false' to disable
2026-06-04 16:34:26.834 INFO  o.s.b.d.e.DevToolsPropertyDefaultsPostProcessor - For additional web related logging consider setting the 'logging.level.web' property to 'DEBUG'
2026-06-04 16:34:28.671 INFO  o.s.boot.tomcat.TomcatWebServer - Tomcat initialized with port 8085 (http)
2026-06-04 16:34:28.705 INFO  o.a.coyote.http11.Http11NioProtocol - Initializing ProtocolHandler ["http-nio-8085"]
2026-06-04 16:34:28.710 INFO  o.a.catalina.core.StandardService - Starting service [Tomcat]
2026-06-04 16:34:28.711 INFO  o.a.catalina.core.StandardEngine - Starting Servlet engine: [Apache Tomcat/11.0.21]
2026-06-04 16:34:28.779 INFO  o.s.b.w.c.s.WebApplicationContextInitializer - Root WebApplicationContext: initialization completed in 1942 ms
2026-06-04 16:34:29.573 INFO  o.a.coyote.http11.Http11NioProtocol - Starting ProtocolHandler ["http-nio-8085"]
2026-06-04 16:34:29.623 INFO  o.s.boot.tomcat.TomcatWebServer - Tomcat started on port 8085 (http) with context path '/'
2026-06-04 16:34:29.632 INFO  a.d.s.SpringProject14aprelApplication - Started SpringProject14aprelApplication in 3.752 seconds (process running for 4.461)
2026-06-04 16:34:29.641 INFO  a.d.s.config.LogDemo - Sistem melumatlari ucun logging
2026-06-04 16:34:29.641 WARN  a.d.s.config.LogDemo - Xeberadarliq mesajlari ucun logging
2026-06-04 16:34:29.642 ERROR a.d.s.config.LogDemo - Kritik mesajlar ucun logging
2026-06-04 16:34:50.788 INFO  o.a.c.c.C.[Tomcat].[localhost].[/] - Initializing Spring DispatcherServlet 'dispatcherServlet'
2026-06-04 16:34:50.788 INFO  o.s.web.servlet.DispatcherServlet - Initializing Servlet 'dispatcherServlet'
2026-06-04 16:34:50.796 INFO  o.s.web.servlet.DispatcherServlet - Completed initialization in 8 ms
2026-06-04 16:34:50.878 INFO  com.zaxxer.hikari.HikariDataSource - HikariPool-1 - Starting...
2026-06-04 16:34:52.040 INFO  com.zaxxer.hikari.pool.HikariPool - HikariPool-1 - Added connection com.mysql.cj.jdbc.ConnectionImpl@44809a54
2026-06-04 16:34:52.052 INFO  com.zaxxer.hikari.HikariDataSource - HikariPool-1 - Start completed.
2026-06-04 16:35:42.907 INFO  o.s.b.d.a.LocalDevToolsAutoConfiguration$RestartingClassPathChangeChangedEventListener - Restarting due to 1 class path change (0 additions, 0 deletions, 1 modification)
2026-06-04 16:35:42.915 INFO  o.s.boot.tomcat.GracefulShutdown - Commencing graceful shutdown. Waiting for active requests to complete
2026-06-04 16:35:42.919 INFO  o.a.coyote.http11.Http11NioProtocol - Pausing ProtocolHandler ["http-nio-8085"]
2026-06-04 16:35:42.928 INFO  o.s.boot.tomcat.GracefulShutdown - Graceful shutdown complete
2026-06-04 16:35:42.929 INFO  o.a.coyote.http11.Http11NioProtocol - Stopping ProtocolHandler ["http-nio-8085"]
2026-06-04 16:35:42.938 INFO  com.zaxxer.hikari.HikariDataSource - HikariPool-1 - Shutdown initiated...
2026-06-04 16:35:42.953 INFO  com.zaxxer.hikari.HikariDataSource - HikariPool-1 - Shutdown completed.
2026-06-04 16:35:43.065 INFO  a.d.s.SpringProject14aprelApplication - Starting SpringProject14aprelApplication using Java 21.0.8 with PID 35784 (C:\Github\14Aprel_group\codes\spring\spring-project-14aprel\target\classes started by User in C:\Github\14Aprel_group\codes\spring\spring-project-14aprel)
2026-06-04 16:35:43.065 INFO  a.d.s.SpringProject14aprelApplication - No active profile set, falling back to 1 default profile: "default"
2026-06-04 16:35:43.435 INFO  o.s.boot.tomcat.TomcatWebServer - Tomcat initialized with port 8085 (http)
2026-06-04 16:35:43.437 INFO  o.a.coyote.http11.Http11NioProtocol - Initializing ProtocolHandler ["http-nio-8085"]
2026-06-04 16:35:43.446 INFO  o.a.catalina.core.StandardService - Starting service [Tomcat]
2026-06-04 16:35:43.447 INFO  o.a.catalina.core.StandardEngine - Starting Servlet engine: [Apache Tomcat/11.0.21]
2026-06-04 16:35:43.492 INFO  o.s.b.w.c.s.WebApplicationContextInitializer - Root WebApplicationContext: initialization completed in 424 ms
2026-06-04 16:35:43.610 WARN  o.s.b.w.s.s.c.AnnotationConfigServletWebServerApplicationContext - Exception encountered during context initialization - cancelling refresh attempt: org.springframework.beans.factory.BeanCreationException: Error creating bean with name 'requestMappingHandlerMapping' defined in class path resource [org/springframework/boot/webmvc/autoconfigure/WebMvcAutoConfiguration$EnableWebMvcConfiguration.class]: Ambiguous mapping. Cannot map 'bookController2' method 
az.developia.spring_project_14aprel.controller.BookController2#getBooks()
to {GET [/getBooks]}: There is already 'bookController' bean method
az.developia.spring_project_14aprel.controller.BookController#getBooks(Model) mapped.
2026-06-04 16:35:43.612 INFO  o.a.catalina.core.StandardService - Stopping service [Tomcat]
2026-06-04 16:35:43.623 INFO  o.s.b.a.l.ConditionEvaluationReportLogger - 

Error starting ApplicationContext. To display the condition evaluation report re-run your application with 'debug' enabled.
2026-06-04 16:35:43.701 ERROR o.s.boot.SpringApplication - Application run failed
org.springframework.beans.factory.BeanCreationException: Error creating bean with name 'requestMappingHandlerMapping' defined in class path resource [org/springframework/boot/webmvc/autoconfigure/WebMvcAutoConfiguration$EnableWebMvcConfiguration.class]: Ambiguous mapping. Cannot map 'bookController2' method 
az.developia.spring_project_14aprel.controller.BookController2#getBooks()
to {GET [/getBooks]}: There is already 'bookController' bean method
az.developia.spring_project_14aprel.controller.BookController#getBooks(Model) mapped.
	at org.springframework.beans.factory.support.AbstractAutowireCapableBeanFactory.initializeBean(AbstractAutowireCapableBeanFactory.java:1817)
	at org.springframework.beans.factory.support.AbstractAutowireCapableBeanFactory.doCreateBean(AbstractAutowireCapableBeanFactory.java:603)
	at org.springframework.beans.factory.support.AbstractAutowireCapableBeanFactory.createBean(AbstractAutowireCapableBeanFactory.java:525)
	at org.springframework.beans.factory.support.AbstractBeanFactory.lambda$doGetBean$0(AbstractBeanFactory.java:333)
	at org.springframework.beans.factory.support.DefaultSingletonBeanRegistry.getSingleton(DefaultSingletonBeanRegistry.java:371)
	at org.springframework.beans.factory.support.AbstractBeanFactory.doGetBean(AbstractBeanFactory.java:331)
	at org.springframework.beans.factory.support.AbstractBeanFactory.getBean(AbstractBeanFactory.java:196)
	at org.springframework.beans.factory.support.DefaultListableBeanFactory.instantiateSingleton(DefaultListableBeanFactory.java:1218)
	at org.springframework.beans.factory.support.DefaultListableBeanFactory.preInstantiateSingleton(DefaultListableBeanFactory.java:1184)
	at org.springframework.beans.factory.support.DefaultListableBeanFactory.preInstantiateSingletons(DefaultListableBeanFactory.java:1121)
	at org.springframework.context.support.AbstractApplicationContext.finishBeanFactoryInitialization(AbstractApplicationContext.java:994)
	at org.springframework.context.support.AbstractApplicationContext.refresh(AbstractApplicationContext.java:621)
	at org.springframework.boot.web.server.servlet.context.ServletWebServerApplicationContext.refresh(ServletWebServerApplicationContext.java:143)
	at org.springframework.boot.SpringApplication.refresh(SpringApplication.java:756)
	at org.springframework.boot.SpringApplication.refreshContext(SpringApplication.java:445)
	at org.springframework.boot.SpringApplication.run(SpringApplication.java:321)
	at org.springframework.boot.SpringApplication.run(SpringApplication.java:1365)
	at org.springframework.boot.SpringApplication.run(SpringApplication.java:1354)
	at az.developia.spring_project_14aprel.SpringProject14aprelApplication.main(SpringProject14aprelApplication.java:22)
	at java.base/jdk.internal.reflect.DirectMethodHandleAccessor.invoke(DirectMethodHandleAccessor.java:103)
	at java.base/java.lang.reflect.Method.invoke(Method.java:580)
	at org.springframework.boot.devtools.restart.RestartLauncher.run(RestartLauncher.java:52)
Caused by: java.lang.IllegalStateException: Ambiguous mapping. Cannot map 'bookController2' method 
az.developia.spring_project_14aprel.controller.BookController2#getBooks()
to {GET [/getBooks]}: There is already 'bookController' bean method
az.developia.spring_project_14aprel.controller.BookController#getBooks(Model) mapped.
	at org.springframework.web.servlet.handler.AbstractHandlerMethodMapping$MappingRegistry.validateMethodMapping(AbstractHandlerMethodMapping.java:646)
	at org.springframework.web.servlet.handler.AbstractHandlerMethodMapping$MappingRegistry.register(AbstractHandlerMethodMapping.java:606)
	at org.springframework.web.servlet.handler.AbstractHandlerMethodMapping.registerHandlerMethod(AbstractHandlerMethodMapping.java:327)
	at org.springframework.web.servlet.mvc.method.annotation.RequestMappingHandlerMapping.registerHandlerMethod(RequestMappingHandlerMapping.java:459)
	at org.springframework.web.servlet.mvc.method.annotation.RequestMappingHandlerMapping.registerHandlerMethod(RequestMappingHandlerMapping.java:80)
	at org.springframework.web.servlet.handler.AbstractHandlerMethodMapping.lambda$detectHandlerMethods$1(AbstractHandlerMethodMapping.java:294)
	at java.base/java.util.LinkedHashMap.forEach(LinkedHashMap.java:986)
	at org.springframework.web.servlet.handler.AbstractHandlerMethodMapping.detectHandlerMethods(AbstractHandlerMethodMapping.java:292)
	at org.springframework.web.servlet.handler.AbstractHandlerMethodMapping.processCandidateBean(AbstractHandlerMethodMapping.java:261)
	at org.springframework.web.servlet.handler.AbstractHandlerMethodMapping.initHandlerMethods(AbstractHandlerMethodMapping.java:220)
	at org.springframework.web.servlet.handler.AbstractHandlerMethodMapping.afterPropertiesSet(AbstractHandlerMethodMapping.java:208)
	at org.springframework.web.servlet.mvc.method.annotation.RequestMappingHandlerMapping.afterPropertiesSet(RequestMappingHandlerMapping.java:158)
	at org.springframework.beans.factory.support.AbstractAutowireCapableBeanFactory.invokeInitMethods(AbstractAutowireCapableBeanFactory.java:1864)
	at org.springframework.beans.factory.support.AbstractAutowireCapableBeanFactory.initializeBean(AbstractAutowireCapableBeanFactory.java:1813)
	... 21 common frames omitted
